{"D:\\Cygnoz BB\\BillBizz-BE\\Customer\\server.js": {"path":"D:\\Cygnoz BB\\BillBizz-BE\\Customer\\server.js","statementMap":{"0":{"start":{"line":2,"column":0},"end":{"line":2,"column":27}},"1":{"start":{"line":4,"column":16},"end":{"line":4,"column":34}},"2":{"start":{"line":5,"column":13},"end":{"line":5,"column":28}},"3":{"start":{"line":6,"column":15},"end":{"line":6,"column":32}},"4":{"start":{"line":7,"column":23},"end":{"line":7,"column":57}},"5":{"start":{"line":8,"column":0},"end":{"line":8,"column":44}},"6":{"start":{"line":11,"column":15},"end":{"line":11,"column":24}},"7":{"start":{"line":12,"column":0},"end":{"line":12,"column":18}},"8":{"start":{"line":13,"column":0},"end":{"line":13,"column":21}},"9":{"start":{"line":14,"column":0},"end":{"line":14,"column":26}},"10":{"start":{"line":16,"column":0},"end":{"line":16,"column":26}},"11":{"start":{"line":18,"column":13},"end":{"line":18,"column":17}},"12":{"start":{"line":20,"column":0},"end":{"line":22,"column":2}},"13":{"start":{"line":21,"column":4},"end":{"line":21,"column":63}},"14":{"start":{"line":25,"column":0},"end":{"line":32,"column":3}},"15":{"start":{"line":26,"column":4},"end":{"line":26,"column":29}},"16":{"start":{"line":27,"column":4},"end":{"line":31,"column":7}},"17":{"start":{"line":34,"column":12},"end":{"line":36,"column":2}},"18":{"start":{"line":35,"column":4},"end":{"line":35,"column":70}},"19":{"start":{"line":38,"column":0},"end":{"line":38,"column":21}}},"fnMap":{"0":{"name":"(anonymous_0)","decl":{"start":{"line":20,"column":15},"end":{"line":20,"column":16}},"loc":{"start":{"line":20,"column":26},"end":{"line":22,"column":1}},"line":20},"1":{"name":"(anonymous_1)","decl":{"start":{"line":25,"column":11},"end":{"line":25,"column":12}},"loc":{"start":{"line":25,"column":36},"end":{"line":32,"column":1}},"line":25},"2":{"name":"(anonymous_2)","decl":{"start":{"line":34,"column":32},"end":{"line":34,"column":33}},"loc":{"start":{"line":34,"column":38},"end":{"line":36,"column":1}},"line":34}},"branchMap":{"0":{"loc":{"start":{"line":27,"column":15},"end":{"line":27,"column":32}},"type":"binary-expr","locations":[{"start":{"line":27,"column":15},"end":{"line":27,"column":25}},{"start":{"line":27,"column":29},"end":{"line":27,"column":32}}],"line":27},"1":{"loc":{"start":{"line":29,"column":21},"end":{"line":29,"column":59}},"type":"binary-expr","locations":[{"start":{"line":29,"column":21},"end":{"line":29,"column":32}},{"start":{"line":29,"column":36},"end":{"line":29,"column":59}}],"line":29}},"s":{"0":2,"1":2,"2":2,"3":2,"4":2,"5":2,"6":2,"7":2,"8":2,"9":2,"10":2,"11":2,"12":2,"13":1,"14":2,"15":0,"16":0,"17":2,"18":2,"19":2},"f":{"0":1,"1":0,"2":2},"b":{"0":[0,0],"1":[0,0]},"_coverageSchema":"1a1c01bbd47fc00a2c39e90264f33305004495a9","hash":"bf4ed1027e83e1fb78682e177b3d7f471d03c9c0"}
,"D:\\Cygnoz BB\\BillBizz-BE\\Customer\\controller\\customerCont.js": {"path":"D:\\Cygnoz BB\\BillBizz-BE\\Customer\\controller\\customerCont.js","statementMap":{"0":{"start":{"line":3,"column":21},"end":{"line":3,"column":62}},"1":{"start":{"line":4,"column":16},"end":{"line":4,"column":52}},"2":{"start":{"line":5,"column":17},"end":{"line":5,"column":54}},"3":{"start":{"line":6,"column":12},"end":{"line":6,"column":44}},"4":{"start":{"line":7,"column":17},"end":{"line":7,"column":54}},"5":{"start":{"line":8,"column":15},"end":{"line":8,"column":41}},"6":{"start":{"line":9,"column":21},"end":{"line":9,"column":62}},"7":{"start":{"line":10,"column":24},"end":{"line":10,"column":68}},"8":{"start":{"line":11,"column":17},"end":{"line":11,"column":54}},"9":{"start":{"line":14,"column":0},"end":{"line":43,"column":2}},"10":{"start":{"line":15,"column":2},"end":{"line":42,"column":3}},"11":{"start":{"line":16,"column":29},"end":{"line":16,"column":39}},"12":{"start":{"line":17,"column":33},"end":{"line":17,"column":41}},"13":{"start":{"line":19,"column":4},"end":{"line":19,"column":42}},"14":{"start":{"line":21,"column":23},"end":{"line":21,"column":80}},"15":{"start":{"line":22,"column":6},"end":{"line":24,"column":7}},"16":{"start":{"line":23,"column":10},"end":{"line":23,"column":73}},"17":{"start":{"line":27,"column":22},"end":{"line":27,"column":89}},"18":{"start":{"line":28,"column":6},"end":{"line":30,"column":7}},"19":{"start":{"line":29,"column":10},"end":{"line":29,"column":90}},"20":{"start":{"line":34,"column":35},"end":{"line":34,"column":103}},"21":{"start":{"line":38,"column":6},"end":{"line":38,"column":60}},"22":{"start":{"line":40,"column":6},"end":{"line":40,"column":68}},"23":{"start":{"line":41,"column":6},"end":{"line":41,"column":72}},"24":{"start":{"line":49,"column":18},"end":{"line":58,"column":3}},"25":{"start":{"line":50,"column":84},"end":{"line":56,"column":6}},"26":{"start":{"line":57,"column":4},"end":{"line":57,"column":84}},"27":{"start":{"line":61,"column":26},"end":{"line":66,"column":1}},"28":{"start":{"line":62,"column":26},"end":{"line":64,"column":4}},"29":{"start":{"line":65,"column":2},"end":{"line":65,"column":26}},"30":{"start":{"line":71,"column":0},"end":{"line":116,"column":4}},"31":{"start":{"line":72,"column":4},"end":{"line":72,"column":43}},"32":{"start":{"line":73,"column":4},"end":{"line":115,"column":5}},"33":{"start":{"line":74,"column":55},"end":{"line":74,"column":63}},"34":{"start":{"line":77,"column":26},"end":{"line":77,"column":53}},"35":{"start":{"line":78,"column":6},"end":{"line":78,"column":108}},"36":{"start":{"line":78,"column":75},"end":{"line":78,"column":100}},"37":{"start":{"line":80,"column":104},"end":{"line":80,"column":115}},"38":{"start":{"line":82,"column":88},"end":{"line":82,"column":119}},"39":{"start":{"line":85,"column":98},"end":{"line":85,"column":109}},"40":{"start":{"line":88,"column":6},"end":{"line":88,"column":103}},"41":{"start":{"line":88,"column":96},"end":{"line":88,"column":103}},"42":{"start":{"line":91,"column":26},"end":{"line":91,"column":65}},"43":{"start":{"line":94,"column":6},"end":{"line":94,"column":99}},"44":{"start":{"line":94,"column":92},"end":{"line":94,"column":99}},"45":{"start":{"line":97,"column":21},"end":{"line":97,"column":23}},"46":{"start":{"line":98,"column":29},"end":{"line":98,"column":110}},"47":{"start":{"line":100,"column":6},"end":{"line":100,"column":126}},"48":{"start":{"line":101,"column":6},"end":{"line":102,"column":57}},"49":{"start":{"line":102,"column":6},"end":{"line":102,"column":55}},"50":{"start":{"line":104,"column":28},"end":{"line":104,"column":93}},"51":{"start":{"line":106,"column":27},"end":{"line":106,"column":129}},"52":{"start":{"line":108,"column":6},"end":{"line":108,"column":129}},"53":{"start":{"line":110,"column":6},"end":{"line":110,"column":61}},"54":{"start":{"line":111,"column":6},"end":{"line":111,"column":74}},"55":{"start":{"line":113,"column":6},"end":{"line":113,"column":55}},"56":{"start":{"line":114,"column":6},"end":{"line":114,"column":66}},"57":{"start":{"line":120,"column":0},"end":{"line":213,"column":4}},"58":{"start":{"line":121,"column":4},"end":{"line":121,"column":44}},"59":{"start":{"line":122,"column":4},"end":{"line":212,"column":5}},"60":{"start":{"line":123,"column":55},"end":{"line":123,"column":63}},"61":{"start":{"line":125,"column":26},"end":{"line":125,"column":53}},"62":{"start":{"line":126,"column":6},"end":{"line":126,"column":108}},"63":{"start":{"line":126,"column":75},"end":{"line":126,"column":100}},"64":{"start":{"line":128,"column":6},"end":{"line":128,"column":49}},"65":{"start":{"line":130,"column":29},"end":{"line":130,"column":39}},"66":{"start":{"line":132,"column":60},"end":{"line":132,"column":71}},"67":{"start":{"line":134,"column":73},"end":{"line":134,"column":104}},"68":{"start":{"line":136,"column":31},"end":{"line":136,"column":81}},"69":{"start":{"line":139,"column":98},"end":{"line":139,"column":109}},"70":{"start":{"line":141,"column":6},"end":{"line":141,"column":103}},"71":{"start":{"line":141,"column":96},"end":{"line":141,"column":103}},"72":{"start":{"line":143,"column":26},"end":{"line":143,"column":65}},"73":{"start":{"line":145,"column":31},"end":{"line":145,"column":66}},"74":{"start":{"line":146,"column":6},"end":{"line":149,"column":7}},"75":{"start":{"line":147,"column":8},"end":{"line":147,"column":63}},"76":{"start":{"line":148,"column":8},"end":{"line":148,"column":71}},"77":{"start":{"line":151,"column":37},"end":{"line":151,"column":73}},"78":{"start":{"line":153,"column":6},"end":{"line":153,"column":99}},"79":{"start":{"line":153,"column":92},"end":{"line":153,"column":99}},"80":{"start":{"line":154,"column":21},"end":{"line":154,"column":23}},"81":{"start":{"line":155,"column":29},"end":{"line":155,"column":110}},"82":{"start":{"line":157,"column":6},"end":{"line":157,"column":141}},"83":{"start":{"line":158,"column":6},"end":{"line":159,"column":57}},"84":{"start":{"line":159,"column":6},"end":{"line":159,"column":55}},"85":{"start":{"line":162,"column":6},"end":{"line":162,"column":56}},"86":{"start":{"line":163,"column":6},"end":{"line":163,"column":60}},"87":{"start":{"line":167,"column":6},"end":{"line":167,"column":51}},"88":{"start":{"line":168,"column":28},"end":{"line":168,"column":57}},"89":{"start":{"line":170,"column":6},"end":{"line":173,"column":7}},"90":{"start":{"line":171,"column":8},"end":{"line":171,"column":54}},"91":{"start":{"line":172,"column":8},"end":{"line":172,"column":79}},"92":{"start":{"line":176,"column":6},"end":{"line":187,"column":7}},"93":{"start":{"line":177,"column":31},"end":{"line":183,"column":9}},"94":{"start":{"line":184,"column":8},"end":{"line":186,"column":10}},"95":{"start":{"line":190,"column":42},"end":{"line":201,"column":8}},"96":{"start":{"line":203,"column":6},"end":{"line":203,"column":47}},"97":{"start":{"line":205,"column":6},"end":{"line":207,"column":9}},"98":{"start":{"line":208,"column":6},"end":{"line":208,"column":67}},"99":{"start":{"line":210,"column":6},"end":{"line":210,"column":55}},"100":{"start":{"line":211,"column":6},"end":{"line":211,"column":66}},"101":{"start":{"line":216,"column":0},"end":{"line":239,"column":2}},"102":{"start":{"line":217,"column":2},"end":{"line":238,"column":3}},"103":{"start":{"line":218,"column":27},"end":{"line":218,"column":50}},"104":{"start":{"line":220,"column":48},"end":{"line":220,"column":79}},"105":{"start":{"line":222,"column":4},"end":{"line":226,"column":5}},"106":{"start":{"line":223,"column":6},"end":{"line":225,"column":9}},"107":{"start":{"line":228,"column":4},"end":{"line":232,"column":5}},"108":{"start":{"line":229,"column":6},"end":{"line":231,"column":9}},"109":{"start":{"line":234,"column":4},"end":{"line":234,"column":38}},"110":{"start":{"line":236,"column":4},"end":{"line":236,"column":53}},"111":{"start":{"line":237,"column":4},"end":{"line":237,"column":64}},"112":{"start":{"line":242,"column":0},"end":{"line":272,"column":2}},"113":{"start":{"line":243,"column":2},"end":{"line":271,"column":3}},"114":{"start":{"line":244,"column":27},"end":{"line":244,"column":37}},"115":{"start":{"line":245,"column":27},"end":{"line":245,"column":50}},"116":{"start":{"line":247,"column":33},"end":{"line":247,"column":64}},"117":{"start":{"line":249,"column":4},"end":{"line":253,"column":5}},"118":{"start":{"line":250,"column":6},"end":{"line":252,"column":9}},"119":{"start":{"line":256,"column":22},"end":{"line":259,"column":5}},"120":{"start":{"line":261,"column":4},"end":{"line":265,"column":5}},"121":{"start":{"line":262,"column":6},"end":{"line":264,"column":9}},"122":{"start":{"line":267,"column":4},"end":{"line":267,"column":36}},"123":{"start":{"line":269,"column":4},"end":{"line":269,"column":53}},"124":{"start":{"line":270,"column":4},"end":{"line":270,"column":64}},"125":{"start":{"line":275,"column":0},"end":{"line":333,"column":2}},"126":{"start":{"line":276,"column":2},"end":{"line":276,"column":51}},"127":{"start":{"line":277,"column":2},"end":{"line":332,"column":3}},"128":{"start":{"line":278,"column":27},"end":{"line":278,"column":37}},"129":{"start":{"line":279,"column":49},"end":{"line":279,"column":57}},"130":{"start":{"line":280,"column":23},"end":{"line":280,"column":31}},"131":{"start":{"line":283,"column":31},"end":{"line":285,"column":6}},"132":{"start":{"line":286,"column":4},"end":{"line":290,"column":5}},"133":{"start":{"line":287,"column":6},"end":{"line":289,"column":9}},"134":{"start":{"line":293,"column":21},"end":{"line":296,"column":6}},"135":{"start":{"line":297,"column":4},"end":{"line":301,"column":5}},"136":{"start":{"line":298,"column":6},"end":{"line":300,"column":9}},"137":{"start":{"line":302,"column":24},"end":{"line":302,"column":63}},"138":{"start":{"line":304,"column":4},"end":{"line":304,"column":29}},"139":{"start":{"line":307,"column":4},"end":{"line":307,"column":26}},"140":{"start":{"line":309,"column":43},"end":{"line":320,"column":8}},"141":{"start":{"line":322,"column":6},"end":{"line":322,"column":47}},"142":{"start":{"line":324,"column":4},"end":{"line":327,"column":7}},"143":{"start":{"line":328,"column":4},"end":{"line":328,"column":57}},"144":{"start":{"line":330,"column":4},"end":{"line":330,"column":60}},"145":{"start":{"line":331,"column":4},"end":{"line":331,"column":64}},"146":{"start":{"line":336,"column":0},"end":{"line":377,"column":2}},"147":{"start":{"line":337,"column":25},"end":{"line":337,"column":48}},"148":{"start":{"line":338,"column":2},"end":{"line":376,"column":3}},"149":{"start":{"line":340,"column":25},"end":{"line":340,"column":71}},"150":{"start":{"line":341,"column":4},"end":{"line":345,"column":5}},"151":{"start":{"line":342,"column":6},"end":{"line":344,"column":9}},"152":{"start":{"line":348,"column":20},"end":{"line":348,"column":57}},"153":{"start":{"line":349,"column":4},"end":{"line":353,"column":5}},"154":{"start":{"line":350,"column":6},"end":{"line":352,"column":9}},"155":{"start":{"line":356,"column":21},"end":{"line":369,"column":5}},"156":{"start":{"line":372,"column":4},"end":{"line":372,"column":42}},"157":{"start":{"line":374,"column":4},"end":{"line":374,"column":69}},"158":{"start":{"line":375,"column":4},"end":{"line":375,"column":64}},"159":{"start":{"line":380,"column":0},"end":{"line":409,"column":2}},"160":{"start":{"line":381,"column":2},"end":{"line":408,"column":3}},"161":{"start":{"line":382,"column":27},"end":{"line":382,"column":37}},"162":{"start":{"line":383,"column":27},"end":{"line":383,"column":50}},"163":{"start":{"line":384,"column":33},"end":{"line":384,"column":64}},"164":{"start":{"line":386,"column":4},"end":{"line":390,"column":5}},"165":{"start":{"line":387,"column":6},"end":{"line":389,"column":9}},"166":{"start":{"line":393,"column":29},"end":{"line":396,"column":6}},"167":{"start":{"line":398,"column":4},"end":{"line":402,"column":5}},"168":{"start":{"line":399,"column":6},"end":{"line":401,"column":9}},"169":{"start":{"line":404,"column":4},"end":{"line":404,"column":43}},"170":{"start":{"line":406,"column":4},"end":{"line":406,"column":53}},"171":{"start":{"line":407,"column":4},"end":{"line":407,"column":64}},"172":{"start":{"line":420,"column":27},"end":{"line":420,"column":65}},"173":{"start":{"line":421,"column":29},"end":{"line":421,"column":55}},"174":{"start":{"line":422,"column":25},"end":{"line":486,"column":3}},"175":{"start":{"line":487,"column":29},"end":{"line":497,"column":3}},"176":{"start":{"line":502,"column":22},"end":{"line":502,"column":108}},"177":{"start":{"line":502,"column":34},"end":{"line":502,"column":107}},"178":{"start":{"line":503,"column":4},"end":{"line":506,"column":11}},"179":{"start":{"line":504,"column":6},"end":{"line":504,"column":38}},"180":{"start":{"line":505,"column":6},"end":{"line":505,"column":17}},"181":{"start":{"line":511,"column":4},"end":{"line":514,"column":5}},"182":{"start":{"line":512,"column":6},"end":{"line":512,"column":66}},"183":{"start":{"line":513,"column":6},"end":{"line":513,"column":19}},"184":{"start":{"line":515,"column":4},"end":{"line":518,"column":5}},"185":{"start":{"line":516,"column":6},"end":{"line":516,"column":57}},"186":{"start":{"line":517,"column":6},"end":{"line":517,"column":19}},"187":{"start":{"line":519,"column":4},"end":{"line":522,"column":5}},"188":{"start":{"line":520,"column":6},"end":{"line":520,"column":62}},"189":{"start":{"line":521,"column":6},"end":{"line":521,"column":19}},"190":{"start":{"line":523,"column":4},"end":{"line":523,"column":16}},"191":{"start":{"line":529,"column":17},"end":{"line":533,"column":7}},"192":{"start":{"line":534,"column":4},"end":{"line":534,"column":25}},"193":{"start":{"line":540,"column":25},"end":{"line":559,"column":11}},"194":{"start":{"line":561,"column":10},"end":{"line":568,"column":11}},"195":{"start":{"line":562,"column":12},"end":{"line":567,"column":13}},"196":{"start":{"line":563,"column":37},"end":{"line":563,"column":95}},"197":{"start":{"line":564,"column":14},"end":{"line":566,"column":15}},"198":{"start":{"line":565,"column":16},"end":{"line":565,"column":42}},"199":{"start":{"line":575,"column":25},"end":{"line":594,"column":11}},"200":{"start":{"line":596,"column":10},"end":{"line":608,"column":11}},"201":{"start":{"line":597,"column":12},"end":{"line":607,"column":13}},"202":{"start":{"line":599,"column":37},"end":{"line":603,"column":16}},"203":{"start":{"line":604,"column":14},"end":{"line":606,"column":15}},"204":{"start":{"line":605,"column":16},"end":{"line":605,"column":42}},"205":{"start":{"line":613,"column":28},"end":{"line":613,"column":83}},"206":{"start":{"line":613,"column":61},"end":{"line":613,"column":82}},"207":{"start":{"line":614,"column":26},"end":{"line":614,"column":56}},"208":{"start":{"line":615,"column":29},"end":{"line":615,"column":125}},"209":{"start":{"line":617,"column":4},"end":{"line":620,"column":5}},"210":{"start":{"line":618,"column":6},"end":{"line":618,"column":69}},"211":{"start":{"line":619,"column":6},"end":{"line":619,"column":19}},"212":{"start":{"line":621,"column":4},"end":{"line":621,"column":16}},"213":{"start":{"line":626,"column":24},"end":{"line":626,"column":140}},"214":{"start":{"line":627,"column":4},"end":{"line":627,"column":30}},"215":{"start":{"line":635,"column":25},"end":{"line":635,"column":47}},"216":{"start":{"line":636,"column":18},"end":{"line":636,"column":65}},"217":{"start":{"line":639,"column":23},"end":{"line":649,"column":6}},"218":{"start":{"line":650,"column":4},"end":{"line":650,"column":29}},"219":{"start":{"line":655,"column":23},"end":{"line":665,"column":6}},"220":{"start":{"line":666,"column":4},"end":{"line":666,"column":28}},"221":{"start":{"line":668,"column":28},"end":{"line":668,"column":95}},"222":{"start":{"line":669,"column":4},"end":{"line":669,"column":54}},"223":{"start":{"line":675,"column":27},"end":{"line":675,"column":69}},"224":{"start":{"line":676,"column":38},"end":{"line":676,"column":92}},"225":{"start":{"line":678,"column":4},"end":{"line":701,"column":6}},"226":{"start":{"line":707,"column":26},"end":{"line":707,"column":99}},"227":{"start":{"line":709,"column":35},"end":{"line":713,"column":3}},"228":{"start":{"line":710,"column":15},"end":{"line":710,"column":41}},"229":{"start":{"line":711,"column":15},"end":{"line":711,"column":41}},"230":{"start":{"line":712,"column":16},"end":{"line":712,"column":47}},"231":{"start":{"line":715,"column":25},"end":{"line":715,"column":67}},"232":{"start":{"line":718,"column":2},"end":{"line":722,"column":3}},"233":{"start":{"line":719,"column":4},"end":{"line":719,"column":89}},"234":{"start":{"line":721,"column":4},"end":{"line":721,"column":91}},"235":{"start":{"line":727,"column":18},"end":{"line":731,"column":3}},"236":{"start":{"line":733,"column":22},"end":{"line":736,"column":16}},"237":{"start":{"line":734,"column":27},"end":{"line":734,"column":32}},"238":{"start":{"line":735,"column":27},"end":{"line":735,"column":45}},"239":{"start":{"line":738,"column":2},"end":{"line":738,"column":73}},"240":{"start":{"line":743,"column":2},"end":{"line":745,"column":37}},"241":{"start":{"line":750,"column":2},"end":{"line":750,"column":27}},"242":{"start":{"line":756,"column":20},"end":{"line":756,"column":22}},"243":{"start":{"line":757,"column":2},"end":{"line":757,"column":19}},"244":{"start":{"line":759,"column":2},"end":{"line":769,"column":3}},"245":{"start":{"line":760,"column":4},"end":{"line":760,"column":77}},"246":{"start":{"line":763,"column":7},"end":{"line":769,"column":3}},"247":{"start":{"line":764,"column":4},"end":{"line":764,"column":79}},"248":{"start":{"line":768,"column":4},"end":{"line":768,"column":40}},"249":{"start":{"line":772,"column":2},"end":{"line":772,"column":139}},"250":{"start":{"line":792,"column":22},"end":{"line":792,"column":51}},"251":{"start":{"line":795,"column":24},"end":{"line":795,"column":52}},"252":{"start":{"line":798,"column":4},"end":{"line":801,"column":5}},"253":{"start":{"line":800,"column":6},"end":{"line":800,"column":64}},"254":{"start":{"line":803,"column":26},"end":{"line":803,"column":54}},"255":{"start":{"line":804,"column":25},"end":{"line":804,"column":46}},"256":{"start":{"line":807,"column":21},"end":{"line":809,"column":42}},"257":{"start":{"line":811,"column":4},"end":{"line":815,"column":6}},"258":{"start":{"line":821,"column":2},"end":{"line":825,"column":3}},"259":{"start":{"line":822,"column":4},"end":{"line":822,"column":48}},"260":{"start":{"line":823,"column":9},"end":{"line":825,"column":3}},"261":{"start":{"line":824,"column":4},"end":{"line":824,"column":49}},"262":{"start":{"line":826,"column":2},"end":{"line":826,"column":8}},"263":{"start":{"line":832,"column":2},"end":{"line":856,"column":3}},"264":{"start":{"line":833,"column":58},"end":{"line":833,"column":78}},"265":{"start":{"line":836,"column":4},"end":{"line":847,"column":5}},"266":{"start":{"line":837,"column":6},"end":{"line":841,"column":8}},"267":{"start":{"line":843,"column":6},"end":{"line":846,"column":8}},"268":{"start":{"line":849,"column":4},"end":{"line":849,"column":52}},"269":{"start":{"line":850,"column":30},"end":{"line":850,"column":63}},"270":{"start":{"line":852,"column":4},"end":{"line":852,"column":29}},"271":{"start":{"line":854,"column":4},"end":{"line":854,"column":74}},"272":{"start":{"line":855,"column":4},"end":{"line":855,"column":16}},"273":{"start":{"line":885,"column":19},"end":{"line":885,"column":21}},"274":{"start":{"line":888,"column":4},"end":{"line":888,"column":46}},"275":{"start":{"line":889,"column":4},"end":{"line":889,"column":64}},"276":{"start":{"line":890,"column":4},"end":{"line":890,"column":52}},"277":{"start":{"line":891,"column":4},"end":{"line":891,"column":48}},"278":{"start":{"line":892,"column":4},"end":{"line":892,"column":59}},"279":{"start":{"line":893,"column":4},"end":{"line":893,"column":46}},"280":{"start":{"line":894,"column":4},"end":{"line":894,"column":45}},"281":{"start":{"line":895,"column":4},"end":{"line":895,"column":54}},"282":{"start":{"line":896,"column":4},"end":{"line":896,"column":111}},"283":{"start":{"line":897,"column":4},"end":{"line":897,"column":42}},"284":{"start":{"line":900,"column":4},"end":{"line":900,"column":78}},"285":{"start":{"line":901,"column":4},"end":{"line":901,"column":72}},"286":{"start":{"line":902,"column":4},"end":{"line":902,"column":109}},"287":{"start":{"line":903,"column":4},"end":{"line":903,"column":112}},"288":{"start":{"line":906,"column":4},"end":{"line":906,"column":57}},"289":{"start":{"line":907,"column":4},"end":{"line":907,"column":68}},"290":{"start":{"line":908,"column":4},"end":{"line":908,"column":35}},"291":{"start":{"line":911,"column":4},"end":{"line":911,"column":61}},"292":{"start":{"line":914,"column":4},"end":{"line":914,"column":41}},"293":{"start":{"line":915,"column":4},"end":{"line":915,"column":42}},"294":{"start":{"line":916,"column":4},"end":{"line":916,"column":18}},"295":{"start":{"line":921,"column":4},"end":{"line":921,"column":41}},"296":{"start":{"line":921,"column":19},"end":{"line":921,"column":41}},"297":{"start":{"line":925,"column":2},"end":{"line":925,"column":109}},"298":{"start":{"line":926,"column":2},"end":{"line":926,"column":97}},"299":{"start":{"line":931,"column":2},"end":{"line":931,"column":170}},"300":{"start":{"line":935,"column":2},"end":{"line":935,"column":54}},"301":{"start":{"line":936,"column":2},"end":{"line":936,"column":94}},"302":{"start":{"line":942,"column":4},"end":{"line":943,"column":56}},"303":{"start":{"line":947,"column":4},"end":{"line":948,"column":51}},"304":{"start":{"line":952,"column":4},"end":{"line":955,"column":7}},"305":{"start":{"line":953,"column":6},"end":{"line":954,"column":98}},"306":{"start":{"line":959,"column":4},"end":{"line":959,"column":84}},"307":{"start":{"line":963,"column":2},"end":{"line":963,"column":88}},"308":{"start":{"line":967,"column":4},"end":{"line":970,"column":7}},"309":{"start":{"line":968,"column":6},"end":{"line":969,"column":112}},"310":{"start":{"line":974,"column":4},"end":{"line":976,"column":7}},"311":{"start":{"line":975,"column":6},"end":{"line":975,"column":114}},"312":{"start":{"line":980,"column":2},"end":{"line":982,"column":5}},"313":{"start":{"line":981,"column":4},"end":{"line":981,"column":102}},"314":{"start":{"line":986,"column":4},"end":{"line":989,"column":7}},"315":{"start":{"line":987,"column":6},"end":{"line":988,"column":88}},"316":{"start":{"line":993,"column":4},"end":{"line":998,"column":7}},"317":{"start":{"line":994,"column":6},"end":{"line":997,"column":7}},"318":{"start":{"line":995,"column":8},"end":{"line":996,"column":102}},"319":{"start":{"line":1003,"column":4},"end":{"line":1004,"column":46}},"320":{"start":{"line":1008,"column":4},"end":{"line":1010,"column":5}},"321":{"start":{"line":1009,"column":6},"end":{"line":1009,"column":63}},"322":{"start":{"line":1015,"column":2},"end":{"line":1025,"column":3}},"323":{"start":{"line":1017,"column":6},"end":{"line":1017,"column":39}},"324":{"start":{"line":1018,"column":6},"end":{"line":1018,"column":12}},"325":{"start":{"line":1020,"column":6},"end":{"line":1020,"column":39}},"326":{"start":{"line":1021,"column":6},"end":{"line":1021,"column":12}},"327":{"start":{"line":1023,"column":6},"end":{"line":1023,"column":37}},"328":{"start":{"line":1024,"column":6},"end":{"line":1024,"column":12}},"329":{"start":{"line":1030,"column":2},"end":{"line":1030,"column":94}},"330":{"start":{"line":1031,"column":2},"end":{"line":1031,"column":97}},"331":{"start":{"line":1032,"column":2},"end":{"line":1032,"column":143}},"332":{"start":{"line":1033,"column":2},"end":{"line":1033,"column":117}},"333":{"start":{"line":1036,"column":2},"end":{"line":1036,"column":147}},"334":{"start":{"line":1037,"column":2},"end":{"line":1037,"column":152}},"335":{"start":{"line":1038,"column":2},"end":{"line":1038,"column":140}},"336":{"start":{"line":1039,"column":2},"end":{"line":1039,"column":132}},"337":{"start":{"line":1040,"column":2},"end":{"line":1040,"column":131}},"338":{"start":{"line":1041,"column":2},"end":{"line":1041,"column":132}},"339":{"start":{"line":1047,"column":2},"end":{"line":1047,"column":118}},"340":{"start":{"line":1052,"column":2},"end":{"line":1054,"column":5}},"341":{"start":{"line":1053,"column":4},"end":{"line":1053,"column":28}},"342":{"start":{"line":1055,"column":2},"end":{"line":1057,"column":3}},"343":{"start":{"line":1056,"column":4},"end":{"line":1056,"column":49}},"344":{"start":{"line":1061,"column":2},"end":{"line":1061,"column":106}},"345":{"start":{"line":1065,"column":18},"end":{"line":1065,"column":37}},"346":{"start":{"line":1065,"column":47},"end":{"line":1065,"column":64}},"347":{"start":{"line":1067,"column":2},"end":{"line":1068,"column":70}},"348":{"start":{"line":1070,"column":2},"end":{"line":1070,"column":49}},"349":{"start":{"line":1075,"column":18},"end":{"line":1075,"column":38}},"350":{"start":{"line":1075,"column":48},"end":{"line":1075,"column":66}},"351":{"start":{"line":1077,"column":2},"end":{"line":1078,"column":71}},"352":{"start":{"line":1080,"column":2},"end":{"line":1080,"column":50}},"353":{"start":{"line":1085,"column":2},"end":{"line":1089,"column":5}},"354":{"start":{"line":1086,"column":18},"end":{"line":1086,"column":41}},"355":{"start":{"line":1087,"column":4},"end":{"line":1088,"column":81}},"356":{"start":{"line":1096,"column":3},"end":{"line":1106,"column":7}},"357":{"start":{"line":1098,"column":4},"end":{"line":1098,"column":57}},"358":{"start":{"line":1100,"column":4},"end":{"line":1100,"column":77}},"359":{"start":{"line":1102,"column":4},"end":{"line":1102,"column":47}},"360":{"start":{"line":1104,"column":4},"end":{"line":1104,"column":54}},"361":{"start":{"line":1123,"column":2},"end":{"line":1123,"column":54}},"362":{"start":{"line":1127,"column":2},"end":{"line":1127,"column":41}},"363":{"start":{"line":1132,"column":2},"end":{"line":1132,"column":37}},"364":{"start":{"line":1136,"column":2},"end":{"line":1136,"column":39}},"365":{"start":{"line":1140,"column":2},"end":{"line":1140,"column":29}},"366":{"start":{"line":1144,"column":2},"end":{"line":1144,"column":38}},"367":{"start":{"line":1148,"column":2},"end":{"line":1148,"column":73}},"368":{"start":{"line":1151,"column":2},"end":{"line":1151,"column":81}}},"fnMap":{"0":{"name":"(anonymous_0)","decl":{"start":{"line":14,"column":34},"end":{"line":14,"column":35}},"loc":{"start":{"line":14,"column":54},"end":{"line":43,"column":1}},"line":14},"1":{"name":"(anonymous_1)","decl":{"start":{"line":49,"column":18},"end":{"line":49,"column":19}},"loc":{"start":{"line":49,"column":44},"end":{"line":58,"column":3}},"line":49},"2":{"name":"(anonymous_2)","decl":{"start":{"line":61,"column":26},"end":{"line":61,"column":27}},"loc":{"start":{"line":61,"column":63},"end":{"line":66,"column":1}},"line":61},"3":{"name":"(anonymous_3)","decl":{"start":{"line":71,"column":22},"end":{"line":71,"column":23}},"loc":{"start":{"line":71,"column":42},"end":{"line":116,"column":3}},"line":71},"4":{"name":"(anonymous_4)","decl":{"start":{"line":78,"column":65},"end":{"line":78,"column":66}},"loc":{"start":{"line":78,"column":75},"end":{"line":78,"column":100}},"line":78},"5":{"name":"(anonymous_5)","decl":{"start":{"line":120,"column":23},"end":{"line":120,"column":24}},"loc":{"start":{"line":120,"column":43},"end":{"line":213,"column":3}},"line":120},"6":{"name":"(anonymous_6)","decl":{"start":{"line":126,"column":65},"end":{"line":126,"column":66}},"loc":{"start":{"line":126,"column":75},"end":{"line":126,"column":100}},"line":126},"7":{"name":"(anonymous_7)","decl":{"start":{"line":216,"column":25},"end":{"line":216,"column":26}},"loc":{"start":{"line":216,"column":45},"end":{"line":239,"column":1}},"line":216},"8":{"name":"(anonymous_8)","decl":{"start":{"line":242,"column":25},"end":{"line":242,"column":26}},"loc":{"start":{"line":242,"column":45},"end":{"line":272,"column":1}},"line":242},"9":{"name":"(anonymous_9)","decl":{"start":{"line":275,"column":31},"end":{"line":275,"column":32}},"loc":{"start":{"line":275,"column":51},"end":{"line":333,"column":1}},"line":275},"10":{"name":"(anonymous_10)","decl":{"start":{"line":336,"column":36},"end":{"line":336,"column":37}},"loc":{"start":{"line":336,"column":56},"end":{"line":377,"column":1}},"line":336},"11":{"name":"(anonymous_11)","decl":{"start":{"line":380,"column":32},"end":{"line":380,"column":33}},"loc":{"start":{"line":380,"column":52},"end":{"line":409,"column":1}},"line":380},"12":{"name":"cleanCustomerData","decl":{"start":{"line":501,"column":11},"end":{"line":501,"column":28}},"loc":{"start":{"line":501,"column":35},"end":{"line":507,"column":3}},"line":501},"13":{"name":"(anonymous_13)","decl":{"start":{"line":502,"column":22},"end":{"line":502,"column":23}},"loc":{"start":{"line":502,"column":34},"end":{"line":502,"column":107}},"line":502},"14":{"name":"(anonymous_14)","decl":{"start":{"line":503,"column":36},"end":{"line":503,"column":37}},"loc":{"start":{"line":503,"column":50},"end":{"line":506,"column":5}},"line":503},"15":{"name":"validateOrganizationTaxCurrency","decl":{"start":{"line":510,"column":11},"end":{"line":510,"column":42}},"loc":{"start":{"line":510,"column":95},"end":{"line":524,"column":3}},"line":510},"16":{"name":"generateOpeningDate","decl":{"start":{"line":528,"column":11},"end":{"line":528,"column":30}},"loc":{"start":{"line":528,"column":51},"end":{"line":535,"column":3}},"line":528},"17":{"name":"checkDuplicateCustomerFields","decl":{"start":{"line":539,"column":15},"end":{"line":539,"column":43}},"loc":{"start":{"line":539,"column":130},"end":{"line":571,"column":9}},"line":539},"18":{"name":"checkDuplicateCustomerFieldsEdit","decl":{"start":{"line":574,"column":15},"end":{"line":574,"column":47}},"loc":{"start":{"line":574,"column":143},"end":{"line":609,"column":9}},"line":574},"19":{"name":"validateInputs","decl":{"start":{"line":612,"column":11},"end":{"line":612,"column":25}},"loc":{"start":{"line":612,"column":84},"end":{"line":622,"column":3}},"line":612},"20":{"name":"(anonymous_20)","decl":{"start":{"line":613,"column":47},"end":{"line":613,"column":48}},"loc":{"start":{"line":613,"column":61},"end":{"line":613,"column":82}},"line":613},"21":{"name":"createNewCustomer","decl":{"start":{"line":625,"column":11},"end":{"line":625,"column":28}},"loc":{"start":{"line":625,"column":63},"end":{"line":628,"column":3}},"line":625},"22":{"name":"createNewAccount","decl":{"start":{"line":631,"column":11},"end":{"line":631,"column":27}},"loc":{"start":{"line":631,"column":108},"end":{"line":651,"column":3}},"line":631},"23":{"name":"saveTrialBalanceAndHistory","decl":{"start":{"line":654,"column":15},"end":{"line":654,"column":41}},"loc":{"start":{"line":654,"column":131},"end":{"line":670,"column":3}},"line":654},"24":{"name":"createCustomerHistory","decl":{"start":{"line":674,"column":9},"end":{"line":674,"column":30}},"loc":{"start":{"line":674,"column":77},"end":{"line":702,"column":3}},"line":674},"25":{"name":"getTaxDescription","decl":{"start":{"line":706,"column":9},"end":{"line":706,"column":26}},"loc":{"start":{"line":706,"column":43},"end":{"line":723,"column":1}},"line":706},"26":{"name":"(anonymous_26)","decl":{"start":{"line":710,"column":9},"end":{"line":710,"column":10}},"loc":{"start":{"line":710,"column":15},"end":{"line":710,"column":41}},"line":710},"27":{"name":"(anonymous_27)","decl":{"start":{"line":711,"column":9},"end":{"line":711,"column":10}},"loc":{"start":{"line":711,"column":15},"end":{"line":711,"column":41}},"line":711},"28":{"name":"(anonymous_28)","decl":{"start":{"line":712,"column":10},"end":{"line":712,"column":11}},"loc":{"start":{"line":712,"column":16},"end":{"line":712,"column":47}},"line":712},"29":{"name":"createGSTDescription","decl":{"start":{"line":726,"column":9},"end":{"line":726,"column":29}},"loc":{"start":{"line":726,"column":74},"end":{"line":739,"column":1}},"line":726},"30":{"name":"(anonymous_30)","decl":{"start":{"line":734,"column":12},"end":{"line":734,"column":13}},"loc":{"start":{"line":734,"column":27},"end":{"line":734,"column":32}},"line":734},"31":{"name":"(anonymous_31)","decl":{"start":{"line":735,"column":9},"end":{"line":735,"column":10}},"loc":{"start":{"line":735,"column":27},"end":{"line":735,"column":45}},"line":735},"32":{"name":"createVATDescription","decl":{"start":{"line":742,"column":9},"end":{"line":742,"column":29}},"loc":{"start":{"line":742,"column":45},"end":{"line":746,"column":1}},"line":742},"33":{"name":"createTaxExemptionDescription","decl":{"start":{"line":749,"column":9},"end":{"line":749,"column":38}},"loc":{"start":{"line":749,"column":41},"end":{"line":751,"column":1}},"line":749},"34":{"name":"getOpeningBalanceDescription","decl":{"start":{"line":755,"column":9},"end":{"line":755,"column":37}},"loc":{"start":{"line":755,"column":54},"end":{"line":773,"column":1}},"line":755},"35":{"name":"generateTimeAndDateForDB","decl":{"start":{"line":783,"column":9},"end":{"line":783,"column":33}},"loc":{"start":{"line":790,"column":4},"end":{"line":816,"column":3}},"line":790},"36":{"name":"editOpeningBalance","decl":{"start":{"line":820,"column":9},"end":{"line":820,"column":27}},"loc":{"start":{"line":820,"column":59},"end":{"line":827,"column":1}},"line":820},"37":{"name":"updateOpeningBalance","decl":{"start":{"line":831,"column":15},"end":{"line":831,"column":35}},"loc":{"start":{"line":831,"column":69},"end":{"line":857,"column":1}},"line":831},"38":{"name":"validateCustomerData","decl":{"start":{"line":884,"column":11},"end":{"line":884,"column":31}},"loc":{"start":{"line":884,"column":92},"end":{"line":917,"column":3}},"line":884},"39":{"name":"validateField","decl":{"start":{"line":920,"column":9},"end":{"line":920,"column":22}},"loc":{"start":{"line":920,"column":52},"end":{"line":922,"column":1}},"line":920},"40":{"name":"validateReqFields","decl":{"start":{"line":924,"column":9},"end":{"line":924,"column":26}},"loc":{"start":{"line":924,"column":52},"end":{"line":928,"column":1}},"line":924},"41":{"name":"validateOpeningBalance","decl":{"start":{"line":930,"column":9},"end":{"line":930,"column":31}},"loc":{"start":{"line":930,"column":48},"end":{"line":932,"column":1}},"line":930},"42":{"name":"validInterestPercentage","decl":{"start":{"line":934,"column":9},"end":{"line":934,"column":32}},"loc":{"start":{"line":934,"column":63},"end":{"line":937,"column":1}},"line":934},"43":{"name":"validateCustomerType","decl":{"start":{"line":941,"column":11},"end":{"line":941,"column":31}},"loc":{"start":{"line":941,"column":54},"end":{"line":944,"column":3}},"line":941},"44":{"name":"validateSalutation","decl":{"start":{"line":946,"column":11},"end":{"line":946,"column":29}},"loc":{"start":{"line":946,"column":50},"end":{"line":949,"column":3}},"line":946},"45":{"name":"validateNames","decl":{"start":{"line":951,"column":11},"end":{"line":951,"column":24}},"loc":{"start":{"line":951,"column":47},"end":{"line":956,"column":3}},"line":951},"46":{"name":"(anonymous_46)","decl":{"start":{"line":952,"column":19},"end":{"line":952,"column":20}},"loc":{"start":{"line":952,"column":29},"end":{"line":955,"column":5}},"line":952},"47":{"name":"validateEmail","decl":{"start":{"line":958,"column":11},"end":{"line":958,"column":24}},"loc":{"start":{"line":958,"column":40},"end":{"line":960,"column":3}},"line":958},"48":{"name":"validateWebsite","decl":{"start":{"line":962,"column":9},"end":{"line":962,"column":24}},"loc":{"start":{"line":962,"column":42},"end":{"line":964,"column":1}},"line":962},"49":{"name":"validatePhones","decl":{"start":{"line":966,"column":11},"end":{"line":966,"column":25}},"loc":{"start":{"line":966,"column":48},"end":{"line":971,"column":3}},"line":966},"50":{"name":"(anonymous_50)","decl":{"start":{"line":967,"column":19},"end":{"line":967,"column":20}},"loc":{"start":{"line":967,"column":30},"end":{"line":970,"column":5}},"line":967},"51":{"name":"validateAlphanumericFields","decl":{"start":{"line":973,"column":11},"end":{"line":973,"column":37}},"loc":{"start":{"line":973,"column":60},"end":{"line":977,"column":3}},"line":973},"52":{"name":"(anonymous_52)","decl":{"start":{"line":974,"column":19},"end":{"line":974,"column":20}},"loc":{"start":{"line":974,"column":30},"end":{"line":976,"column":5}},"line":974},"53":{"name":"validateIntegerFields","decl":{"start":{"line":979,"column":9},"end":{"line":979,"column":30}},"loc":{"start":{"line":979,"column":53},"end":{"line":983,"column":1}},"line":979},"54":{"name":"(anonymous_54)","decl":{"start":{"line":980,"column":17},"end":{"line":980,"column":18}},"loc":{"start":{"line":980,"column":26},"end":{"line":982,"column":3}},"line":980},"55":{"name":"validateFloatFields","decl":{"start":{"line":985,"column":11},"end":{"line":985,"column":30}},"loc":{"start":{"line":985,"column":53},"end":{"line":990,"column":3}},"line":985},"56":{"name":"(anonymous_56)","decl":{"start":{"line":986,"column":19},"end":{"line":986,"column":20}},"loc":{"start":{"line":986,"column":32},"end":{"line":989,"column":5}},"line":986},"57":{"name":"validateAlphabetsFields","decl":{"start":{"line":992,"column":11},"end":{"line":992,"column":34}},"loc":{"start":{"line":992,"column":57},"end":{"line":999,"column":3}},"line":992},"58":{"name":"(anonymous_58)","decl":{"start":{"line":993,"column":19},"end":{"line":993,"column":20}},"loc":{"start":{"line":993,"column":30},"end":{"line":998,"column":5}},"line":993},"59":{"name":"validateTaxType","decl":{"start":{"line":1002,"column":11},"end":{"line":1002,"column":26}},"loc":{"start":{"line":1002,"column":59},"end":{"line":1005,"column":3}},"line":1002},"60":{"name":"validatePlaceOfSupply","decl":{"start":{"line":1007,"column":11},"end":{"line":1007,"column":32}},"loc":{"start":{"line":1007,"column":70},"end":{"line":1011,"column":3}},"line":1007},"61":{"name":"validateGSTorVAT","decl":{"start":{"line":1014,"column":9},"end":{"line":1014,"column":25}},"loc":{"start":{"line":1014,"column":40},"end":{"line":1026,"column":1}},"line":1014},"62":{"name":"validateGSTDetails","decl":{"start":{"line":1029,"column":9},"end":{"line":1029,"column":27}},"loc":{"start":{"line":1029,"column":42},"end":{"line":1043,"column":1}},"line":1029},"63":{"name":"validateVATDetails","decl":{"start":{"line":1046,"column":9},"end":{"line":1046,"column":27}},"loc":{"start":{"line":1046,"column":42},"end":{"line":1048,"column":1}},"line":1046},"64":{"name":"clearTaxFields","decl":{"start":{"line":1051,"column":9},"end":{"line":1051,"column":23}},"loc":{"start":{"line":1051,"column":40},"end":{"line":1058,"column":1}},"line":1051},"65":{"name":"(anonymous_65)","decl":{"start":{"line":1052,"column":70},"end":{"line":1052,"column":71}},"loc":{"start":{"line":1052,"column":79},"end":{"line":1054,"column":3}},"line":1052},"66":{"name":"validateCurrency","decl":{"start":{"line":1060,"column":9},"end":{"line":1060,"column":25}},"loc":{"start":{"line":1060,"column":61},"end":{"line":1062,"column":1}},"line":1060},"67":{"name":"validateBillingAddress","decl":{"start":{"line":1064,"column":9},"end":{"line":1064,"column":31}},"loc":{"start":{"line":1064,"column":46},"end":{"line":1071,"column":1}},"line":1064},"68":{"name":"validateShippingAddress","decl":{"start":{"line":1074,"column":9},"end":{"line":1074,"column":32}},"loc":{"start":{"line":1074,"column":47},"end":{"line":1081,"column":1}},"line":1074},"69":{"name":"validateAddressFields","decl":{"start":{"line":1084,"column":9},"end":{"line":1084,"column":30}},"loc":{"start":{"line":1084,"column":51},"end":{"line":1090,"column":1}},"line":1084},"70":{"name":"(anonymous_70)","decl":{"start":{"line":1085,"column":44},"end":{"line":1085,"column":45}},"loc":{"start":{"line":1085,"column":53},"end":{"line":1089,"column":3}},"line":1085},"71":{"name":"validateContactPerson","decl":{"start":{"line":1093,"column":9},"end":{"line":1093,"column":30}},"loc":{"start":{"line":1093,"column":54},"end":{"line":1107,"column":1}},"line":1093},"72":{"name":"(anonymous_72)","decl":{"start":{"line":1096,"column":25},"end":{"line":1096,"column":26}},"loc":{"start":{"line":1096,"column":44},"end":{"line":1106,"column":5}},"line":1096},"73":{"name":"capitalize","decl":{"start":{"line":1122,"column":9},"end":{"line":1122,"column":19}},"loc":{"start":{"line":1122,"column":26},"end":{"line":1124,"column":1}},"line":1122},"74":{"name":"formatCamelCase","decl":{"start":{"line":1126,"column":9},"end":{"line":1126,"column":24}},"loc":{"start":{"line":1126,"column":31},"end":{"line":1128,"column":1}},"line":1126},"75":{"name":"isAlphabets","decl":{"start":{"line":1131,"column":9},"end":{"line":1131,"column":20}},"loc":{"start":{"line":1131,"column":28},"end":{"line":1133,"column":1}},"line":1131},"76":{"name":"isFloat","decl":{"start":{"line":1135,"column":9},"end":{"line":1135,"column":16}},"loc":{"start":{"line":1135,"column":24},"end":{"line":1137,"column":1}},"line":1135},"77":{"name":"isInteger","decl":{"start":{"line":1139,"column":9},"end":{"line":1139,"column":18}},"loc":{"start":{"line":1139,"column":26},"end":{"line":1141,"column":1}},"line":1139},"78":{"name":"isAlphanumeric","decl":{"start":{"line":1143,"column":9},"end":{"line":1143,"column":23}},"loc":{"start":{"line":1143,"column":31},"end":{"line":1145,"column":1}},"line":1143},"79":{"name":"isValidEmail","decl":{"start":{"line":1147,"column":9},"end":{"line":1147,"column":21}},"loc":{"start":{"line":1147,"column":29},"end":{"line":1149,"column":1}},"line":1147},"80":{"name":"isValidURL","decl":{"start":{"line":1150,"column":9},"end":{"line":1150,"column":19}},"loc":{"start":{"line":1150,"column":27},"end":{"line":1152,"column":1}},"line":1150}},"branchMap":{"0":{"loc":{"start":{"line":22,"column":6},"end":{"line":24,"column":7}},"type":"if","locations":[{"start":{"line":22,"column":6},"end":{"line":24,"column":7}},{"start":{},"end":{}}],"line":22},"1":{"loc":{"start":{"line":28,"column":6},"end":{"line":30,"column":7}},"type":"if","locations":[{"start":{"line":28,"column":6},"end":{"line":30,"column":7}},{"start":{},"end":{}}],"line":28},"2":{"loc":{"start":{"line":78,"column":34},"end":{"line":78,"column":107}},"type":"binary-expr","locations":[{"start":{"line":78,"column":34},"end":{"line":78,"column":101}},{"start":{"line":78,"column":105},"end":{"line":78,"column":107}}],"line":78},"3":{"loc":{"start":{"line":88,"column":6},"end":{"line":88,"column":103}},"type":"if","locations":[{"start":{"line":88,"column":6},"end":{"line":88,"column":103}},{"start":{},"end":{}}],"line":88},"4":{"loc":{"start":{"line":94,"column":6},"end":{"line":94,"column":99}},"type":"if","locations":[{"start":{"line":94,"column":6},"end":{"line":94,"column":99}},{"start":{},"end":{}}],"line":94},"5":{"loc":{"start":{"line":101,"column":6},"end":{"line":102,"column":57}},"type":"if","locations":[{"start":{"line":101,"column":6},"end":{"line":102,"column":57}},{"start":{},"end":{}}],"line":101},"6":{"loc":{"start":{"line":126,"column":34},"end":{"line":126,"column":107}},"type":"binary-expr","locations":[{"start":{"line":126,"column":34},"end":{"line":126,"column":101}},{"start":{"line":126,"column":105},"end":{"line":126,"column":107}}],"line":126},"7":{"loc":{"start":{"line":141,"column":6},"end":{"line":141,"column":103}},"type":"if","locations":[{"start":{"line":141,"column":6},"end":{"line":141,"column":103}},{"start":{},"end":{}}],"line":141},"8":{"loc":{"start":{"line":146,"column":6},"end":{"line":149,"column":7}},"type":"if","locations":[{"start":{"line":146,"column":6},"end":{"line":149,"column":7}},{"start":{},"end":{}}],"line":146},"9":{"loc":{"start":{"line":153,"column":6},"end":{"line":153,"column":99}},"type":"if","locations":[{"start":{"line":153,"column":6},"end":{"line":153,"column":99}},{"start":{},"end":{}}],"line":153},"10":{"loc":{"start":{"line":158,"column":6},"end":{"line":159,"column":57}},"type":"if","locations":[{"start":{"line":158,"column":6},"end":{"line":159,"column":57}},{"start":{},"end":{}}],"line":158},"11":{"loc":{"start":{"line":170,"column":6},"end":{"line":173,"column":7}},"type":"if","locations":[{"start":{"line":170,"column":6},"end":{"line":173,"column":7}},{"start":{},"end":{}}],"line":170},"12":{"loc":{"start":{"line":176,"column":6},"end":{"line":187,"column":7}},"type":"if","locations":[{"start":{"line":176,"column":6},"end":{"line":187,"column":7}},{"start":{},"end":{}}],"line":176},"13":{"loc":{"start":{"line":176,"column":10},"end":{"line":176,"column":79}},"type":"binary-expr","locations":[{"start":{"line":176,"column":10},"end":{"line":176,"column":29}},{"start":{"line":176,"column":33},"end":{"line":176,"column":79}}],"line":176},"14":{"loc":{"start":{"line":222,"column":4},"end":{"line":226,"column":5}},"type":"if","locations":[{"start":{"line":222,"column":4},"end":{"line":226,"column":5}},{"start":{},"end":{}}],"line":222},"15":{"loc":{"start":{"line":228,"column":4},"end":{"line":232,"column":5}},"type":"if","locations":[{"start":{"line":228,"column":4},"end":{"line":232,"column":5}},{"start":{},"end":{}}],"line":228},"16":{"loc":{"start":{"line":249,"column":4},"end":{"line":253,"column":5}},"type":"if","locations":[{"start":{"line":249,"column":4},"end":{"line":253,"column":5}},{"start":{},"end":{}}],"line":249},"17":{"loc":{"start":{"line":261,"column":4},"end":{"line":265,"column":5}},"type":"if","locations":[{"start":{"line":261,"column":4},"end":{"line":265,"column":5}},{"start":{},"end":{}}],"line":261},"18":{"loc":{"start":{"line":286,"column":4},"end":{"line":290,"column":5}},"type":"if","locations":[{"start":{"line":286,"column":4},"end":{"line":290,"column":5}},{"start":{},"end":{}}],"line":286},"19":{"loc":{"start":{"line":297,"column":4},"end":{"line":301,"column":5}},"type":"if","locations":[{"start":{"line":297,"column":4},"end":{"line":301,"column":5}},{"start":{},"end":{}}],"line":297},"20":{"loc":{"start":{"line":341,"column":4},"end":{"line":345,"column":5}},"type":"if","locations":[{"start":{"line":341,"column":4},"end":{"line":345,"column":5}},{"start":{},"end":{}}],"line":341},"21":{"loc":{"start":{"line":349,"column":4},"end":{"line":353,"column":5}},"type":"if","locations":[{"start":{"line":349,"column":4},"end":{"line":353,"column":5}},{"start":{},"end":{}}],"line":349},"22":{"loc":{"start":{"line":386,"column":4},"end":{"line":390,"column":5}},"type":"if","locations":[{"start":{"line":386,"column":4},"end":{"line":390,"column":5}},{"start":{},"end":{}}],"line":386},"23":{"loc":{"start":{"line":398,"column":4},"end":{"line":402,"column":5}},"type":"if","locations":[{"start":{"line":398,"column":4},"end":{"line":402,"column":5}},{"start":{},"end":{}}],"line":398},"24":{"loc":{"start":{"line":502,"column":34},"end":{"line":502,"column":107}},"type":"cond-expr","locations":[{"start":{"line":502,"column":90},"end":{"line":502,"column":99}},{"start":{"line":502,"column":102},"end":{"line":502,"column":107}}],"line":502},"25":{"loc":{"start":{"line":502,"column":34},"end":{"line":502,"column":87}},"type":"binary-expr","locations":[{"start":{"line":502,"column":34},"end":{"line":502,"column":48}},{"start":{"line":502,"column":52},"end":{"line":502,"column":71}},{"start":{"line":502,"column":75},"end":{"line":502,"column":87}}],"line":502},"26":{"loc":{"start":{"line":511,"column":4},"end":{"line":514,"column":5}},"type":"if","locations":[{"start":{"line":511,"column":4},"end":{"line":514,"column":5}},{"start":{},"end":{}}],"line":511},"27":{"loc":{"start":{"line":515,"column":4},"end":{"line":518,"column":5}},"type":"if","locations":[{"start":{"line":515,"column":4},"end":{"line":518,"column":5}},{"start":{},"end":{}}],"line":515},"28":{"loc":{"start":{"line":519,"column":4},"end":{"line":522,"column":5}},"type":"if","locations":[{"start":{"line":519,"column":4},"end":{"line":522,"column":5}},{"start":{},"end":{}}],"line":519},"29":{"loc":{"start":{"line":542,"column":25},"end":{"line":542,"column":105}},"type":"binary-expr","locations":[{"start":{"line":542,"column":25},"end":{"line":542,"column":68}},{"start":{"line":542,"column":72},"end":{"line":542,"column":105}}],"line":542},"30":{"loc":{"start":{"line":548,"column":25},"end":{"line":548,"column":93}},"type":"binary-expr","locations":[{"start":{"line":548,"column":25},"end":{"line":548,"column":62}},{"start":{"line":548,"column":66},"end":{"line":548,"column":93}}],"line":548},"31":{"loc":{"start":{"line":554,"column":25},"end":{"line":554,"column":87}},"type":"binary-expr","locations":[{"start":{"line":554,"column":25},"end":{"line":554,"column":63}},{"start":{"line":554,"column":67},"end":{"line":554,"column":87}}],"line":554},"32":{"loc":{"start":{"line":562,"column":12},"end":{"line":567,"column":13}},"type":"if","locations":[{"start":{"line":562,"column":12},"end":{"line":567,"column":13}},{"start":{},"end":{}}],"line":562},"33":{"loc":{"start":{"line":564,"column":14},"end":{"line":566,"column":15}},"type":"if","locations":[{"start":{"line":564,"column":14},"end":{"line":566,"column":15}},{"start":{},"end":{}}],"line":564},"34":{"loc":{"start":{"line":577,"column":25},"end":{"line":577,"column":105}},"type":"binary-expr","locations":[{"start":{"line":577,"column":25},"end":{"line":577,"column":68}},{"start":{"line":577,"column":72},"end":{"line":577,"column":105}}],"line":577},"35":{"loc":{"start":{"line":583,"column":25},"end":{"line":583,"column":93}},"type":"binary-expr","locations":[{"start":{"line":583,"column":25},"end":{"line":583,"column":62}},{"start":{"line":583,"column":66},"end":{"line":583,"column":93}}],"line":583},"36":{"loc":{"start":{"line":589,"column":25},"end":{"line":589,"column":87}},"type":"binary-expr","locations":[{"start":{"line":589,"column":25},"end":{"line":589,"column":63}},{"start":{"line":589,"column":67},"end":{"line":589,"column":87}}],"line":589},"37":{"loc":{"start":{"line":597,"column":12},"end":{"line":607,"column":13}},"type":"if","locations":[{"start":{"line":597,"column":12},"end":{"line":607,"column":13}},{"start":{},"end":{}}],"line":597},"38":{"loc":{"start":{"line":604,"column":14},"end":{"line":606,"column":15}},"type":"if","locations":[{"start":{"line":604,"column":14},"end":{"line":606,"column":15}},{"start":{},"end":{}}],"line":604},"39":{"loc":{"start":{"line":617,"column":4},"end":{"line":620,"column":5}},"type":"if","locations":[{"start":{"line":617,"column":4},"end":{"line":620,"column":5}},{"start":{},"end":{}}],"line":617},"40":{"loc":{"start":{"line":707,"column":29},"end":{"line":707,"column":75}},"type":"binary-expr","locations":[{"start":{"line":707,"column":29},"end":{"line":707,"column":53}},{"start":{"line":707,"column":57},"end":{"line":707,"column":75}}],"line":707},"41":{"loc":{"start":{"line":718,"column":2},"end":{"line":722,"column":3}},"type":"if","locations":[{"start":{"line":718,"column":2},"end":{"line":722,"column":3}},{"start":{"line":720,"column":9},"end":{"line":722,"column":3}}],"line":718},"42":{"loc":{"start":{"line":719,"column":60},"end":{"line":719,"column":86}},"type":"binary-expr","locations":[{"start":{"line":719,"column":60},"end":{"line":719,"column":68}},{"start":{"line":719,"column":72},"end":{"line":719,"column":86}}],"line":719},"43":{"loc":{"start":{"line":721,"column":62},"end":{"line":721,"column":88}},"type":"binary-expr","locations":[{"start":{"line":721,"column":62},"end":{"line":721,"column":70}},{"start":{"line":721,"column":74},"end":{"line":721,"column":88}}],"line":721},"44":{"loc":{"start":{"line":738,"column":9},"end":{"line":738,"column":72}},"type":"cond-expr","locations":[{"start":{"line":738,"column":23},"end":{"line":738,"column":40}},{"start":{"line":738,"column":43},"end":{"line":738,"column":72}}],"line":738},"45":{"loc":{"start":{"line":743,"column":9},"end":{"line":745,"column":36}},"type":"cond-expr","locations":[{"start":{"line":744,"column":6},"end":{"line":744,"column":35}},{"start":{"line":745,"column":6},"end":{"line":745,"column":36}}],"line":743},"46":{"loc":{"start":{"line":759,"column":2},"end":{"line":769,"column":3}},"type":"if","locations":[{"start":{"line":759,"column":2},"end":{"line":769,"column":3}},{"start":{"line":763,"column":7},"end":{"line":769,"column":3}}],"line":759},"47":{"loc":{"start":{"line":759,"column":6},"end":{"line":759,"column":38}},"type":"binary-expr","locations":[{"start":{"line":759,"column":6},"end":{"line":759,"column":10}},{"start":{"line":759,"column":14},"end":{"line":759,"column":38}}],"line":759},"48":{"loc":{"start":{"line":763,"column":7},"end":{"line":769,"column":3}},"type":"if","locations":[{"start":{"line":763,"column":7},"end":{"line":769,"column":3}},{"start":{"line":767,"column":7},"end":{"line":769,"column":3}}],"line":763},"49":{"loc":{"start":{"line":763,"column":11},"end":{"line":763,"column":44}},"type":"binary-expr","locations":[{"start":{"line":763,"column":11},"end":{"line":763,"column":15}},{"start":{"line":763,"column":19},"end":{"line":763,"column":44}}],"line":763},"50":{"loc":{"start":{"line":772,"column":12},"end":{"line":772,"column":58}},"type":"binary-expr","locations":[{"start":{"line":772,"column":12},"end":{"line":772,"column":36}},{"start":{"line":772,"column":40},"end":{"line":772,"column":58}}],"line":772},"51":{"loc":{"start":{"line":772,"column":110},"end":{"line":772,"column":136}},"type":"binary-expr","locations":[{"start":{"line":772,"column":110},"end":{"line":772,"column":118}},{"start":{"line":772,"column":122},"end":{"line":772,"column":136}}],"line":772},"52":{"loc":{"start":{"line":787,"column":4},"end":{"line":787,"column":25}},"type":"default-arg","locations":[{"start":{"line":787,"column":15},"end":{"line":787,"column":25}}],"line":787},"53":{"loc":{"start":{"line":788,"column":4},"end":{"line":788,"column":27}},"type":"default-arg","locations":[{"start":{"line":788,"column":17},"end":{"line":788,"column":27}}],"line":788},"54":{"loc":{"start":{"line":789,"column":4},"end":{"line":789,"column":19}},"type":"default-arg","locations":[{"start":{"line":789,"column":16},"end":{"line":789,"column":19}}],"line":789},"55":{"loc":{"start":{"line":798,"column":4},"end":{"line":801,"column":5}},"type":"if","locations":[{"start":{"line":798,"column":4},"end":{"line":801,"column":5}},{"start":{},"end":{}}],"line":798},"56":{"loc":{"start":{"line":821,"column":2},"end":{"line":825,"column":3}},"type":"if","locations":[{"start":{"line":821,"column":2},"end":{"line":825,"column":3}},{"start":{"line":823,"column":9},"end":{"line":825,"column":3}}],"line":821},"57":{"loc":{"start":{"line":821,"column":6},"end":{"line":821,"column":78}},"type":"binary-expr","locations":[{"start":{"line":821,"column":6},"end":{"line":821,"column":42}},{"start":{"line":821,"column":46},"end":{"line":821,"column":78}}],"line":821},"58":{"loc":{"start":{"line":823,"column":9},"end":{"line":825,"column":3}},"type":"if","locations":[{"start":{"line":823,"column":9},"end":{"line":825,"column":3}},{"start":{},"end":{}}],"line":823},"59":{"loc":{"start":{"line":823,"column":13},"end":{"line":823,"column":85}},"type":"binary-expr","locations":[{"start":{"line":823,"column":13},"end":{"line":823,"column":50}},{"start":{"line":823,"column":54},"end":{"line":823,"column":85}}],"line":823},"60":{"loc":{"start":{"line":836,"column":4},"end":{"line":847,"column":5}},"type":"if","locations":[{"start":{"line":836,"column":4},"end":{"line":847,"column":5}},{"start":{"line":842,"column":11},"end":{"line":847,"column":5}}],"line":836},"61":{"loc":{"start":{"line":921,"column":4},"end":{"line":921,"column":41}},"type":"if","locations":[{"start":{"line":921,"column":4},"end":{"line":921,"column":41}},{"start":{},"end":{}}],"line":921},"62":{"loc":{"start":{"line":926,"column":17},"end":{"line":926,"column":65}},"type":"binary-expr","locations":[{"start":{"line":926,"column":17},"end":{"line":926,"column":47}},{"start":{"line":926,"column":51},"end":{"line":926,"column":65}}],"line":926},"63":{"loc":{"start":{"line":931,"column":17},"end":{"line":931,"column":116}},"type":"binary-expr","locations":[{"start":{"line":931,"column":17},"end":{"line":931,"column":64}},{"start":{"line":931,"column":68},"end":{"line":931,"column":116}}],"line":931},"64":{"loc":{"start":{"line":942,"column":18},"end":{"line":942,"column":76}},"type":"binary-expr","locations":[{"start":{"line":942,"column":18},"end":{"line":942,"column":30}},{"start":{"line":942,"column":34},"end":{"line":942,"column":76}}],"line":942},"65":{"loc":{"start":{"line":947,"column":18},"end":{"line":947,"column":70}},"type":"binary-expr","locations":[{"start":{"line":947,"column":18},"end":{"line":947,"column":28}},{"start":{"line":947,"column":32},"end":{"line":947,"column":70}}],"line":947},"66":{"loc":{"start":{"line":953,"column":20},"end":{"line":953,"column":58}},"type":"binary-expr","locations":[{"start":{"line":953,"column":20},"end":{"line":953,"column":30}},{"start":{"line":953,"column":34},"end":{"line":953,"column":58}}],"line":953},"67":{"loc":{"start":{"line":959,"column":18},"end":{"line":959,"column":47}},"type":"binary-expr","locations":[{"start":{"line":959,"column":18},"end":{"line":959,"column":23}},{"start":{"line":959,"column":27},"end":{"line":959,"column":47}}],"line":959},"68":{"loc":{"start":{"line":963,"column":16},"end":{"line":963,"column":47}},"type":"binary-expr","locations":[{"start":{"line":963,"column":16},"end":{"line":963,"column":23}},{"start":{"line":963,"column":27},"end":{"line":963,"column":47}}],"line":963},"69":{"loc":{"start":{"line":968,"column":20},"end":{"line":968,"column":58}},"type":"binary-expr","locations":[{"start":{"line":968,"column":20},"end":{"line":968,"column":31}},{"start":{"line":968,"column":35},"end":{"line":968,"column":58}}],"line":968},"70":{"loc":{"start":{"line":975,"column":20},"end":{"line":975,"column":63}},"type":"binary-expr","locations":[{"start":{"line":975,"column":20},"end":{"line":975,"column":31}},{"start":{"line":975,"column":35},"end":{"line":975,"column":63}}],"line":975},"71":{"loc":{"start":{"line":981,"column":18},"end":{"line":981,"column":56}},"type":"binary-expr","locations":[{"start":{"line":981,"column":18},"end":{"line":981,"column":29}},{"start":{"line":981,"column":33},"end":{"line":981,"column":56}}],"line":981},"72":{"loc":{"start":{"line":987,"column":20},"end":{"line":987,"column":60}},"type":"binary-expr","locations":[{"start":{"line":987,"column":20},"end":{"line":987,"column":33}},{"start":{"line":987,"column":37},"end":{"line":987,"column":60}}],"line":987},"73":{"loc":{"start":{"line":994,"column":6},"end":{"line":997,"column":7}},"type":"if","locations":[{"start":{"line":994,"column":6},"end":{"line":997,"column":7}},{"start":{},"end":{}}],"line":994},"74":{"loc":{"start":{"line":1003,"column":18},"end":{"line":1003,"column":61}},"type":"binary-expr","locations":[{"start":{"line":1003,"column":18},"end":{"line":1003,"column":25}},{"start":{"line":1003,"column":29},"end":{"line":1003,"column":61}}],"line":1003},"75":{"loc":{"start":{"line":1008,"column":4},"end":{"line":1010,"column":5}},"type":"if","locations":[{"start":{"line":1008,"column":4},"end":{"line":1010,"column":5}},{"start":{},"end":{}}],"line":1008},"76":{"loc":{"start":{"line":1008,"column":8},"end":{"line":1008,"column":99}},"type":"binary-expr","locations":[{"start":{"line":1008,"column":8},"end":{"line":1008,"column":21}},{"start":{"line":1008,"column":25},"end":{"line":1008,"column":99}}],"line":1008},"77":{"loc":{"start":{"line":1015,"column":2},"end":{"line":1025,"column":3}},"type":"switch","locations":[{"start":{"line":1016,"column":4},"end":{"line":1018,"column":12}},{"start":{"line":1019,"column":4},"end":{"line":1021,"column":12}},{"start":{"line":1022,"column":4},"end":{"line":1024,"column":12}}],"line":1015},"78":{"loc":{"start":{"line":1032,"column":17},"end":{"line":1032,"column":85}},"type":"binary-expr","locations":[{"start":{"line":1032,"column":17},"end":{"line":1032,"column":34}},{"start":{"line":1032,"column":38},"end":{"line":1032,"column":85}}],"line":1032},"79":{"loc":{"start":{"line":1033,"column":17},"end":{"line":1033,"column":66}},"type":"binary-expr","locations":[{"start":{"line":1033,"column":17},"end":{"line":1033,"column":31}},{"start":{"line":1033,"column":35},"end":{"line":1033,"column":66}}],"line":1033},"80":{"loc":{"start":{"line":1036,"column":17},"end":{"line":1036,"column":110}},"type":"binary-expr","locations":[{"start":{"line":1036,"column":17},"end":{"line":1036,"column":69}},{"start":{"line":1036,"column":73},"end":{"line":1036,"column":110}}],"line":1036},"81":{"loc":{"start":{"line":1037,"column":17},"end":{"line":1037,"column":114}},"type":"binary-expr","locations":[{"start":{"line":1037,"column":17},"end":{"line":1037,"column":73}},{"start":{"line":1037,"column":77},"end":{"line":1037,"column":114}}],"line":1037},"82":{"loc":{"start":{"line":1038,"column":17},"end":{"line":1038,"column":102}},"type":"binary-expr","locations":[{"start":{"line":1038,"column":17},"end":{"line":1038,"column":61}},{"start":{"line":1038,"column":65},"end":{"line":1038,"column":102}}],"line":1038},"83":{"loc":{"start":{"line":1039,"column":17},"end":{"line":1039,"column":94}},"type":"binary-expr","locations":[{"start":{"line":1039,"column":17},"end":{"line":1039,"column":53}},{"start":{"line":1039,"column":57},"end":{"line":1039,"column":94}}],"line":1039},"84":{"loc":{"start":{"line":1040,"column":17},"end":{"line":1040,"column":93}},"type":"binary-expr","locations":[{"start":{"line":1040,"column":17},"end":{"line":1040,"column":52}},{"start":{"line":1040,"column":56},"end":{"line":1040,"column":93}}],"line":1040},"85":{"loc":{"start":{"line":1041,"column":17},"end":{"line":1041,"column":94}},"type":"binary-expr","locations":[{"start":{"line":1041,"column":17},"end":{"line":1041,"column":53}},{"start":{"line":1041,"column":57},"end":{"line":1041,"column":94}}],"line":1041},"86":{"loc":{"start":{"line":1047,"column":17},"end":{"line":1047,"column":66}},"type":"binary-expr","locations":[{"start":{"line":1047,"column":17},"end":{"line":1047,"column":31}},{"start":{"line":1047,"column":35},"end":{"line":1047,"column":66}}],"line":1047},"87":{"loc":{"start":{"line":1055,"column":2},"end":{"line":1057,"column":3}},"type":"if","locations":[{"start":{"line":1055,"column":2},"end":{"line":1057,"column":3}},{"start":{},"end":{}}],"line":1055},"88":{"loc":{"start":{"line":1055,"column":6},"end":{"line":1055,"column":72}},"type":"binary-expr","locations":[{"start":{"line":1055,"column":6},"end":{"line":1055,"column":31}},{"start":{"line":1055,"column":35},"end":{"line":1055,"column":72}}],"line":1055},"89":{"loc":{"start":{"line":1061,"column":16},"end":{"line":1061,"column":63}},"type":"binary-expr","locations":[{"start":{"line":1061,"column":16},"end":{"line":1061,"column":24}},{"start":{"line":1061,"column":28},"end":{"line":1061,"column":63}}],"line":1061},"90":{"loc":{"start":{"line":1067,"column":16},"end":{"line":1067,"column":77}},"type":"binary-expr","locations":[{"start":{"line":1067,"column":16},"end":{"line":1067,"column":23}},{"start":{"line":1067,"column":27},"end":{"line":1067,"column":32}},{"start":{"line":1067,"column":36},"end":{"line":1067,"column":77}}],"line":1067},"91":{"loc":{"start":{"line":1077,"column":16},"end":{"line":1077,"column":77}},"type":"binary-expr","locations":[{"start":{"line":1077,"column":16},"end":{"line":1077,"column":23}},{"start":{"line":1077,"column":27},"end":{"line":1077,"column":32}},{"start":{"line":1077,"column":36},"end":{"line":1077,"column":77}}],"line":1077},"92":{"loc":{"start":{"line":1087,"column":18},"end":{"line":1087,"column":44}},"type":"binary-expr","locations":[{"start":{"line":1087,"column":18},"end":{"line":1087,"column":23}},{"start":{"line":1087,"column":27},"end":{"line":1087,"column":44}}],"line":1087}},"s":{"0":2,"1":2,"2":2,"3":2,"4":2,"5":2,"6":2,"7":2,"8":2,"9":2,"10":0,"11":0,"12":0,"13":0,"14":0,"15":0,"16":0,"17":0,"18":0,"19":0,"20":0,"21":0,"22":0,"23":0,"24":2,"25":0,"26":0,"27":2,"28":0,"29":0,"30":2,"31":0,"32":0,"33":0,"34":0,"35":0,"36":0,"37":0,"38":0,"39":0,"40":0,"41":0,"42":0,"43":0,"44":0,"45":0,"46":0,"47":0,"48":0,"49":0,"50":0,"51":0,"52":0,"53":0,"54":0,"55":0,"56":0,"57":2,"58":0,"59":0,"60":0,"61":0,"62":0,"63":0,"64":0,"65":0,"66":0,"67":0,"68":0,"69":0,"70":0,"71":0,"72":0,"73":0,"74":0,"75":0,"76":0,"77":0,"78":0,"79":0,"80":0,"81":0,"82":0,"83":0,"84":0,"85":0,"86":0,"87":0,"88":0,"89":0,"90":0,"91":0,"92":0,"93":0,"94":0,"95":0,"96":0,"97":0,"98":0,"99":0,"100":0,"101":2,"102":0,"103":0,"104":0,"105":0,"106":0,"107":0,"108":0,"109":0,"110":0,"111":0,"112":2,"113":0,"114":0,"115":0,"116":0,"117":0,"118":0,"119":0,"120":0,"121":0,"122":0,"123":0,"124":0,"125":2,"126":0,"127":0,"128":0,"129":0,"130":0,"131":0,"132":0,"133":0,"134":0,"135":0,"136":0,"137":0,"138":0,"139":0,"140":0,"141":0,"142":0,"143":0,"144":0,"145":0,"146":2,"147":0,"148":0,"149":0,"150":0,"151":0,"152":0,"153":0,"154":0,"155":0,"156":0,"157":0,"158":0,"159":2,"160":0,"161":0,"162":0,"163":0,"164":0,"165":0,"166":0,"167":0,"168":0,"169":0,"170":0,"171":0,"172":2,"173":2,"174":2,"175":2,"176":0,"177":0,"178":0,"179":0,"180":0,"181":0,"182":0,"183":0,"184":0,"185":0,"186":0,"187":0,"188":0,"189":0,"190":0,"191":0,"192":0,"193":0,"194":0,"195":0,"196":0,"197":0,"198":0,"199":0,"200":0,"201":0,"202":0,"203":0,"204":0,"205":0,"206":0,"207":0,"208":0,"209":0,"210":0,"211":0,"212":0,"213":0,"214":0,"215":0,"216":0,"217":0,"218":0,"219":0,"220":0,"221":0,"222":0,"223":0,"224":0,"225":0,"226":0,"227":0,"228":0,"229":0,"230":0,"231":0,"232":0,"233":0,"234":0,"235":0,"236":0,"237":0,"238":0,"239":0,"240":0,"241":0,"242":0,"243":0,"244":0,"245":0,"246":0,"247":0,"248":0,"249":0,"250":0,"251":0,"252":0,"253":0,"254":0,"255":0,"256":0,"257":0,"258":0,"259":0,"260":0,"261":0,"262":0,"263":0,"264":0,"265":0,"266":0,"267":0,"268":0,"269":0,"270":0,"271":0,"272":0,"273":0,"274":0,"275":0,"276":0,"277":0,"278":0,"279":0,"280":0,"281":0,"282":0,"283":0,"284":0,"285":0,"286":0,"287":0,"288":0,"289":0,"290":0,"291":0,"292":0,"293":0,"294":0,"295":0,"296":0,"297":0,"298":0,"299":0,"300":0,"301":0,"302":0,"303":0,"304":0,"305":0,"306":0,"307":0,"308":0,"309":0,"310":0,"311":0,"312":0,"313":0,"314":0,"315":0,"316":0,"317":0,"318":0,"319":0,"320":0,"321":0,"322":0,"323":0,"324":0,"325":0,"326":0,"327":0,"328":0,"329":0,"330":0,"331":0,"332":0,"333":0,"334":0,"335":0,"336":0,"337":0,"338":0,"339":0,"340":0,"341":0,"342":0,"343":0,"344":0,"345":0,"346":0,"347":0,"348":0,"349":0,"350":0,"351":0,"352":0,"353":0,"354":0,"355":0,"356":0,"357":0,"358":0,"359":0,"360":0,"361":0,"362":0,"363":0,"364":0,"365":0,"366":0,"367":0,"368":0},"f":{"0":0,"1":0,"2":0,"3":0,"4":0,"5":0,"6":0,"7":0,"8":0,"9":0,"10":0,"11":0,"12":0,"13":0,"14":0,"15":0,"16":0,"17":0,"18":0,"19":0,"20":0,"21":0,"22":0,"23":0,"24":0,"25":0,"26":0,"27":0,"28":0,"29":0,"30":0,"31":0,"32":0,"33":0,"34":0,"35":0,"36":0,"37":0,"38":0,"39":0,"40":0,"41":0,"42":0,"43":0,"44":0,"45":0,"46":0,"47":0,"48":0,"49":0,"50":0,"51":0,"52":0,"53":0,"54":0,"55":0,"56":0,"57":0,"58":0,"59":0,"60":0,"61":0,"62":0,"63":0,"64":0,"65":0,"66":0,"67":0,"68":0,"69":0,"70":0,"71":0,"72":0,"73":0,"74":0,"75":0,"76":0,"77":0,"78":0,"79":0,"80":0},"b":{"0":[0,0],"1":[0,0],"2":[0,0],"3":[0,0],"4":[0,0],"5":[0,0],"6":[0,0],"7":[0,0],"8":[0,0],"9":[0,0],"10":[0,0],"11":[0,0],"12":[0,0],"13":[0,0],"14":[0,0],"15":[0,0],"16":[0,0],"17":[0,0],"18":[0,0],"19":[0,0],"20":[0,0],"21":[0,0],"22":[0,0],"23":[0,0],"24":[0,0],"25":[0,0,0],"26":[0,0],"27":[0,0],"28":[0,0],"29":[0,0],"30":[0,0],"31":[0,0],"32":[0,0],"33":[0,0],"34":[0,0],"35":[0,0],"36":[0,0],"37":[0,0],"38":[0,0],"39":[0,0],"40":[0,0],"41":[0,0],"42":[0,0],"43":[0,0],"44":[0,0],"45":[0,0],"46":[0,0],"47":[0,0],"48":[0,0],"49":[0,0],"50":[0,0],"51":[0,0],"52":[0],"53":[0],"54":[0],"55":[0,0],"56":[0,0],"57":[0,0],"58":[0,0],"59":[0,0],"60":[0,0],"61":[0,0],"62":[0,0],"63":[0,0],"64":[0,0],"65":[0,0],"66":[0,0],"67":[0,0],"68":[0,0],"69":[0,0],"70":[0,0],"71":[0,0],"72":[0,0],"73":[0,0],"74":[0,0],"75":[0,0],"76":[0,0],"77":[0,0,0],"78":[0,0],"79":[0,0],"80":[0,0],"81":[0,0],"82":[0,0],"83":[0,0],"84":[0,0],"85":[0,0],"86":[0,0],"87":[0,0],"88":[0,0],"89":[0,0],"90":[0,0,0],"91":[0,0,0],"92":[0,0]},"_coverageSchema":"1a1c01bbd47fc00a2c39e90264f33305004495a9","hash":"ec91cd6f6316a324855a21159107f8a9ffbbb72b"}
,"D:\\Cygnoz BB\\BillBizz-BE\\Customer\\controller\\customerSettings.js": {"path":"D:\\Cygnoz BB\\BillBizz-BE\\Customer\\controller\\customerSettings.js","statementMap":{"0":{"start":{"line":1,"column":21},"end":{"line":1,"column":62}},"1":{"start":{"line":2,"column":17},"end":{"line":2,"column":54}},"2":{"start":{"line":4,"column":18},"end":{"line":10,"column":1}},"3":{"start":{"line":5,"column":41},"end":{"line":8,"column":4}},"4":{"start":{"line":9,"column":2},"end":{"line":9,"column":42}},"5":{"start":{"line":12,"column":0},"end":{"line":42,"column":2}},"6":{"start":{"line":13,"column":2},"end":{"line":41,"column":3}},"7":{"start":{"line":15,"column":31},"end":{"line":15,"column":39}},"8":{"start":{"line":16,"column":4},"end":{"line":16,"column":48}},"9":{"start":{"line":19,"column":24},"end":{"line":19,"column":51}},"10":{"start":{"line":22,"column":45},"end":{"line":22,"column":76}},"11":{"start":{"line":24,"column":4},"end":{"line":26,"column":5}},"12":{"start":{"line":25,"column":6},"end":{"line":25,"column":73}},"13":{"start":{"line":28,"column":4},"end":{"line":30,"column":5}},"14":{"start":{"line":29,"column":6},"end":{"line":29,"column":96}},"15":{"start":{"line":32,"column":4},"end":{"line":32,"column":41}},"16":{"start":{"line":35,"column":4},"end":{"line":35,"column":26}},"17":{"start":{"line":37,"column":4},"end":{"line":37,"column":67}},"18":{"start":{"line":39,"column":4},"end":{"line":39,"column":62}},"19":{"start":{"line":40,"column":4},"end":{"line":40,"column":63}},"20":{"start":{"line":46,"column":20},"end":{"line":46,"column":121}},"21":{"start":{"line":46,"column":32},"end":{"line":46,"column":120}},"22":{"start":{"line":47,"column":2},"end":{"line":50,"column":9}},"23":{"start":{"line":48,"column":4},"end":{"line":48,"column":36}},"24":{"start":{"line":49,"column":4},"end":{"line":49,"column":15}}},"fnMap":{"0":{"name":"(anonymous_0)","decl":{"start":{"line":4,"column":18},"end":{"line":4,"column":19}},"loc":{"start":{"line":4,"column":44},"end":{"line":10,"column":1}},"line":4},"1":{"name":"(anonymous_1)","decl":{"start":{"line":12,"column":33},"end":{"line":12,"column":34}},"loc":{"start":{"line":12,"column":53},"end":{"line":42,"column":1}},"line":12},"2":{"name":"cleanCustomerData","decl":{"start":{"line":45,"column":9},"end":{"line":45,"column":26}},"loc":{"start":{"line":45,"column":33},"end":{"line":51,"column":1}},"line":45},"3":{"name":"(anonymous_3)","decl":{"start":{"line":46,"column":20},"end":{"line":46,"column":21}},"loc":{"start":{"line":46,"column":32},"end":{"line":46,"column":120}},"line":46},"4":{"name":"(anonymous_4)","decl":{"start":{"line":47,"column":34},"end":{"line":47,"column":35}},"loc":{"start":{"line":47,"column":48},"end":{"line":50,"column":3}},"line":47}},"branchMap":{"0":{"loc":{"start":{"line":24,"column":4},"end":{"line":26,"column":5}},"type":"if","locations":[{"start":{"line":24,"column":4},"end":{"line":26,"column":5}},{"start":{},"end":{}}],"line":24},"1":{"loc":{"start":{"line":28,"column":4},"end":{"line":30,"column":5}},"type":"if","locations":[{"start":{"line":28,"column":4},"end":{"line":30,"column":5}},{"start":{},"end":{}}],"line":28},"2":{"loc":{"start":{"line":46,"column":32},"end":{"line":46,"column":120}},"type":"cond-expr","locations":[{"start":{"line":46,"column":103},"end":{"line":46,"column":112}},{"start":{"line":46,"column":115},"end":{"line":46,"column":120}}],"line":46},"3":{"loc":{"start":{"line":46,"column":32},"end":{"line":46,"column":100}},"type":"binary-expr","locations":[{"start":{"line":46,"column":32},"end":{"line":46,"column":46}},{"start":{"line":46,"column":50},"end":{"line":46,"column":69}},{"start":{"line":46,"column":73},"end":{"line":46,"column":85}},{"start":{"line":46,"column":89},"end":{"line":46,"column":100}}],"line":46}},"s":{"0":2,"1":2,"2":2,"3":0,"4":0,"5":2,"6":0,"7":0,"8":0,"9":0,"10":0,"11":0,"12":0,"13":0,"14":0,"15":0,"16":0,"17":0,"18":0,"19":0,"20":0,"21":0,"22":0,"23":0,"24":0},"f":{"0":0,"1":0,"2":0,"3":0,"4":0},"b":{"0":[0,0],"1":[0,0],"2":[0,0],"3":[0,0,0,0]},"_coverageSchema":"1a1c01bbd47fc00a2c39e90264f33305004495a9","hash":"a97f33026e09a815b74ae7e3ec75f80501f1f7f7"}
,"D:\\Cygnoz BB\\BillBizz-BE\\Customer\\controller\\dashboardController.js": {"path":"D:\\Cygnoz BB\\BillBizz-BE\\Customer\\controller\\dashboardController.js","statementMap":{"0":{"start":{"line":1,"column":17},"end":{"line":1,"column":54}},"1":{"start":{"line":2,"column":15},"end":{"line":2,"column":41}},"2":{"start":{"line":4,"column":0},"end":{"line":40,"column":2}},"3":{"start":{"line":5,"column":2},"end":{"line":39,"column":3}},"4":{"start":{"line":6,"column":27},"end":{"line":6,"column":50}},"5":{"start":{"line":7,"column":21},"end":{"line":7,"column":31}},"6":{"start":{"line":8,"column":4},"end":{"line":8,"column":32}},"7":{"start":{"line":9,"column":23},"end":{"line":9,"column":64}},"8":{"start":{"line":10,"column":22},"end":{"line":10,"column":63}},"9":{"start":{"line":12,"column":26},"end":{"line":12,"column":88}},"10":{"start":{"line":13,"column":25},"end":{"line":13,"column":87}},"11":{"start":{"line":15,"column":27},"end":{"line":15,"column":76}},"12":{"start":{"line":16,"column":4},"end":{"line":16,"column":32}},"13":{"start":{"line":19,"column":28},"end":{"line":22,"column":6}},"14":{"start":{"line":23,"column":4},"end":{"line":23,"column":32}},"15":{"start":{"line":24,"column":35},"end":{"line":29,"column":24}},"16":{"start":{"line":30,"column":32},"end":{"line":30,"column":61}},"17":{"start":{"line":32,"column":4},"end":{"line":36,"column":7}},"18":{"start":{"line":38,"column":4},"end":{"line":38,"column":78}}},"fnMap":{"0":{"name":"(anonymous_0)","decl":{"start":{"line":4,"column":27},"end":{"line":4,"column":28}},"loc":{"start":{"line":4,"column":47},"end":{"line":40,"column":1}},"line":4}},"branchMap":{},"s":{"0":2,"1":2,"2":2,"3":0,"4":0,"5":0,"6":0,"7":0,"8":0,"9":0,"10":0,"11":0,"12":0,"13":0,"14":0,"15":0,"16":0,"17":0,"18":0},"f":{"0":0},"b":{},"_coverageSchema":"1a1c01bbd47fc00a2c39e90264f33305004495a9","hash":"a25baee7c7294b67a5f027e352f8d68d1dcaa70a"}
,"D:\\Cygnoz BB\\BillBizz-BE\\Customer\\controller\\importCustomer.js": {"path":"D:\\Cygnoz BB\\BillBizz-BE\\Customer\\controller\\importCustomer.js","statementMap":{"0":{"start":{"line":3,"column":16},"end":{"line":3,"column":34}},"1":{"start":{"line":4,"column":15},"end":{"line":4,"column":32}},"2":{"start":{"line":5,"column":13},"end":{"line":5,"column":28}},"3":{"start":{"line":6,"column":11},"end":{"line":6,"column":33}},"4":{"start":{"line":7,"column":16},"end":{"line":7,"column":34}},"5":{"start":{"line":8,"column":13},"end":{"line":8,"column":33}},"6":{"start":{"line":9,"column":15},"end":{"line":9,"column":41}},"7":{"start":{"line":11,"column":21},"end":{"line":11,"column":62}},"8":{"start":{"line":12,"column":16},"end":{"line":12,"column":52}},"9":{"start":{"line":13,"column":17},"end":{"line":13,"column":54}},"10":{"start":{"line":14,"column":17},"end":{"line":14,"column":54}},"11":{"start":{"line":15,"column":12},"end":{"line":15,"column":44}},"12":{"start":{"line":22,"column":22},"end":{"line":22,"column":51}},"13":{"start":{"line":25,"column":24},"end":{"line":25,"column":52}},"14":{"start":{"line":28,"column":4},"end":{"line":31,"column":5}},"15":{"start":{"line":30,"column":6},"end":{"line":30,"column":64}},"16":{"start":{"line":33,"column":26},"end":{"line":33,"column":54}},"17":{"start":{"line":34,"column":25},"end":{"line":34,"column":46}},"18":{"start":{"line":37,"column":21},"end":{"line":37,"column":101}},"19":{"start":{"line":39,"column":4},"end":{"line":43,"column":6}},"20":{"start":{"line":53,"column":2},"end":{"line":53,"column":66}},"21":{"start":{"line":61,"column":0},"end":{"line":510,"column":2}},"22":{"start":{"line":62,"column":2},"end":{"line":509,"column":3}},"23":{"start":{"line":64,"column":20},"end":{"line":74,"column":6}},"24":{"start":{"line":67,"column":8},"end":{"line":67,"column":68}},"25":{"start":{"line":71,"column":29},"end":{"line":71,"column":62}},"26":{"start":{"line":72,"column":8},"end":{"line":72,"column":31}},"27":{"start":{"line":77,"column":23},"end":{"line":85,"column":5}},"28":{"start":{"line":78,"column":22},"end":{"line":79,"column":79}},"29":{"start":{"line":80,"column":6},"end":{"line":84,"column":7}},"30":{"start":{"line":81,"column":8},"end":{"line":81,"column":23}},"31":{"start":{"line":83,"column":8},"end":{"line":83,"column":62}},"32":{"start":{"line":87,"column":19},"end":{"line":93,"column":6}},"33":{"start":{"line":96,"column":4},"end":{"line":505,"column":7}},"34":{"start":{"line":97,"column":6},"end":{"line":103,"column":7}},"35":{"start":{"line":98,"column":8},"end":{"line":98,"column":52}},"36":{"start":{"line":99,"column":8},"end":{"line":99,"column":62}},"37":{"start":{"line":100,"column":13},"end":{"line":103,"column":7}},"38":{"start":{"line":101,"column":8},"end":{"line":101,"column":45}},"39":{"s
[...]
umn":31}},"3":{"start":{"line":8,"column":25},"end":{"line":8,"column":53}},"4":{"start":{"line":10,"column":4},"end":{"line":62,"column":5}},"5":{"start":{"line":11,"column":28},"end":{"line":11,"column":54}},"6":{"start":{"line":12,"column":8},"end":{"line":12,"column":32}},"7":{"start":{"line":13,"column":8},"end":{"line":13,"column":31}},"8":{"start":{"line":16,"column":9},"end":{"line":20,"column":9}},"9":{"start":{"line":17,"column":12},"end":{"line":19,"column":15}},"10":{"start":{"line":22,"column":8},"end":{"line":59,"column":11}},"11":{"start":{"line":23,"column":12},"end":{"line":58,"column":13}},"12":{"start":{"line":24,"column":16},"end":{"line":28,"column":17}},"13":{"start":{"line":25,"column":20},"end":{"line":25,"column":82}},"14":{"start":{"line":27,"column":20},"end":{"line":27,"column":47}},"15":{"start":{"line":31,"column":16},"end":{"line":31,"column":51}},"16":{"start":{"line":32,"column":16},"end":{"line":32,"column":78}},"17":{"start":{"line":33,"column":16},"end":{"line":33,"column":54}},"18":{"start":{"line":34,"column":16},"end":{"line":34,"column":69}},"19":{"start":{"line":36,"column":34},"end":{"line":36,"column":72}},"20":{"start":{"line":37,"column":41},"end":{"line":37,"column":66}},"21":{"start":{"line":40,"column":80},"end":{"line":40,"column":88}},"22":{"start":{"line":44,"column":16},"end":{"line":52,"column":17}},"23":{"start":{"line":46,"column":20},"end":{"line":46,"column":49}},"24":{"start":{"line":48,"column":20},"end":{"line":51,"column":23}},"25":{"start":{"line":55,"column":16},"end":{"line":55,"column":68}},"26":{"start":{"line":57,"column":16},"end":{"line":57,"column":23}},"27":{"start":{"line":61,"column":8},"end":{"line":61,"column":28}},"28":{"start":{"line":65,"column":0},"end":{"line":65,"column":33}}},"fnMap":{"0":{"name":"verifyToken","decl":{"start":{"line":7,"column":9},"end":{"line":7,"column":20}},"loc":{"start":{"line":7,"column":37},"end":{"line":63,"column":1}},"line":7},"1":{"name":"(anonymous_1)","decl":{"start":{"line":22,"column":41},"end":{"line":22,"column":42}},"loc":{"start":{"line":22,"column":60},"end":{"line":59,"column":9}},"line":22}},"branchMap":{"0":{"loc":{"start":{"line":10,"column":4},"end":{"line":62,"column":5}},"type":"if","locations":[{"start":{"line":10,"column":4},"end":{"line":62,"column":5}},{"start":{"line":60,"column":11},"end":{"line":62,"column":5}}],"line":10},"1":{"loc":{"start":{"line":16,"column":9},"end":{"line":20,"column":9}},"type":"if","locations":[{"start":{"line":16,"column":9},"end":{"line":20,"column":9}},{"start":{},"end":{}}],"line":16},"2":{"loc":{"start":{"line":23,"column":12},"end":{"line":58,"column":13}},"type":"if","locations":[{"start":{"line":23,"column":12},"end":{"line":58,"column":13}},{"start":{"line":29,"column":19},"end":{"line":58,"column":13}}],"line":23},"3":{"loc":{"start":{"line":24,"column":16},"end":{"line":28,"column":17}},"type":"if","locations":[{"start":{"line":24,"column":16},"end":{"line":28,"column":17}},{"start":{"line":26,"column":23},"end":{"line":28,"column":17}}],"line":24},"4":{"loc":{"start":{"line":36,"column":34},"end":{"line":36,"column":72}},"type":"binary-expr","locations":[{"start":{"line":36,"column":34},"end":{"line":36,"column":40}},{"start":{"line":36,"column":44},"end":{"line":36,"column":72}}],"line":36},"5":{"loc":{"start":{"line":44,"column":16},"end":{"line":52,"column":17}},"type":"if","locations":[{"start":{"line":44,"column":16},"end":{"line":52,"column":17}},{"start":{},"end":{}}],"line":44},"6":{"loc":{"start":{"line":44,"column":20},"end":{"line":44,"column":70}},"type":"binary-expr","locations":[{"start":{"line":44,"column":20},"end":{"line":44,"column":36}},{"start":{"line":44,"column":40},"end":{"line":44,"column":70}}],"line":44}},"s":{"0":2,"1":2,"2":2,"3":2,"4":2,"5":2,"6":2,"7":2,"8":2,"9":1,"10":1,"11":1,"12":0,"13":0,"14":0,"15":1,"16":1,"17":1,"18":1,"19":1,"20":1,"21":1,"22":1,"23":1,"24":1,"25":0,"26":0,"27":0,"28":2},"f":{"0":2,"1":1},"b":{"0":[2,0],"1":[1,1],"2":[0,1],"3":[0,0],"4":[1,0],"5":[1,0],"6":[1,0]},"_coverageSchema":"1a1c01bbd47fc00a2c39e90264f33305004495a9","hash":"0ac533594410ccecb02159f09e545f60e1707f29"}
,"D:\\Cygnoz BB\\BillBizz-BE\\Customer\\controller\\permission.js": {"path":"D:\\Cygnoz BB\\BillBizz-BE\\Customer\\controller\\permission.js","statementMap":{"0":{"start":{"line":3,"column":13},"end":{"line":3,"column":46}},"1":{"start":{"line":4,"column":13},"end":{"line":4,"column":46}},"2":{"start":{"line":5,"column":20},"end":{"line":5,"column":60}},"3":{"start":{"line":6,"column":15},"end":{"line":6,"column":41}},"4":{"start":{"line":7,"column":18},"end":{"line":7,"column":47}},"5":{"start":{"line":11,"column":16},"end":{"line":17,"column":2}},"6":{"start":{"line":19,"column":24},"end":{"line":73,"column":1}},"7":{"start":{"line":20,"column":2},"end":{"line":72,"column":5}},"8":{"start":{"line":21,"column":4},"end":{"line":71,"column":5}},"9":{"start":{"line":23,"column":19},"end":{"line":23,"column":51}},"10":{"start":{"line":24,"column":6},"end":{"line":26,"column":7}},"11":{"start":{"line":25,"column":8},"end":{"line":25,"column":67}},"12":{"start":{"line":29,"column":19},"end":{"line":29,"column":62}},"13":{"start":{"line":30,"column":6},"end":{"line":32,"column":7}},"14":{"start":{"line":31,"column":8},"end":{"line":31,"column":67}},"15":{"start":{"line":34,"column":32},"end":{"line":38,"column":7}},"16":{"start":{"line":39,"column":25},"end":{"line":39,"column":51}},"17":{"start":{"line":42,"column":25},"end":{"line":42,"column":80}},"18":{"start":{"line":42,"column":52},"end":{"line":42,"column":79}},"19":{"start":{"line":45,"column":6},"end":{"line":67,"column":7}},"20":{"start":{"line":46,"column":25},"end":{"line":50,"column":10}},"21":{"start":{"line":51,"column":8},"end":{"line":51,"column":30}},"22":{"start":{"line":54,"column":8},"end":{"line":54,"column":22}},"23":{"start":{"line":57,"column":37},"end":{"line":62,"column":10}},"24":{"start":{"line":63,"column":8},"end":{"line":63,"column":42}},"25":{"start":{"line":66,"column":8},"end":{"line":66,"column":123}},"26":{"start":{"line":69,"column":6},"end":{"line":69,"column":54}},"27":{"start":{"line":70,"column":6},"end":{"line":70,"column":72}},"28":{"start":{"line":86,"column":20},"end":{"line":86,"column":49}},"29":{"start":{"line":89,"column":22},"end":{"line":89,"column":50}},"30":{"start":{"line":92,"column":2},"end":{"line":95,"column":3}},"31":{"start":{"line":94,"column":4},"end":{"line":94,"column":62}},"32":{"start":{"line":97,"column":24},"end":{"line":97,"column":52}},"33":{"start":{"line":98,"column":23},"end":{"line":98,"column":44}},"34":{"start":{"line":101,"column":19},"end":{"line":103,"column":40}},"35":{"start":{"line":105,"column":2},"end":{"line":109,"column":4}},"36":{"start":{"line":113,"column":0},"end":{"line":113,"column":33}}},"fnMap":{"0":{"name":"(anonymous_0)","decl":{"start":{"line":19,"column":24},"end":{"line":19,"column":25}},"loc":{"start":{"line":19,"column":46},"end":{"line":73,"column":1}},"line":19},"1":{"name":"(anonymous_1)","decl":{"start":{"line":20,"column":19},"end":{"line":20,"column":20}},"loc":{"start":{"line":20,"column":45},"end":{"line":72,"column":3}},"line":20},"2":{"name":"(anonymous_2)","decl":{"start":{"line":42,"column":47},"end":{"line":42,"column":48}},"loc":{"start":{"line":42,"column":52},"end":{"line":42,"column":79}},"line":42},"3":{"name":"generateTimeAndDateForDB","decl":{"start":{"line":77,"column":9},"end":{"line":77,"column":33}},"loc":{"start":{"line":84,"column":2},"end":{"line":110,"column":1}},"line":84}},"branchMap":{"0":{"loc":{"start":{"line":24,"column":6},"end":{"line":26,"column":7}},"type":"if","locations":[{"start":{"line":24,"column":6},"end":{"line":26,"column":7}},{"start":{},"end":{}}],"line":24},"1":{"loc":{"start":{"line":30,"column":6},"end":{"line":32,"column":7}},"type":"if","locations":[{"start":{"line":30,"column":6},"end":{"line":32,"column":7}},{"start":{},"end":{}}],"line":30},"2":{"loc":{"start":{"line":45,"column":6},"end":{"line":67,"column":7}},"type":"if","locations":[{"start":{"line":45,"column":6},"end":{"line":67,"column":7}},{"start":{"line":55,"column":13},"end":{"line":67,"column":7}}],"line":45},"3":{"loc":{"start":{"line":81,"column":2},"end":{"line":81,"column":23}},"type":"default-arg","locations":[{"start":{"line":81,"column":13},"end":{"line":81,"column":23}}],"line":81},"4":{"loc":{"start":{"line":82,"column":2},"end":{"line":82,"column":25}},"type":"default-arg","locations":[{"start":{"line":82,"column":15},"end":{"line":82,"column":25}}],"line":82},"5":{"loc":{"start":{"line":83,"column":2},"end":{"line":83,"column":17}},"type":"default-arg","locations":[{"start":{"line":83,"column":14},"end":{"line":83,"column":17}}],"line":83},"6":{"loc":{"start":{"line":92,"column":2},"end":{"line":95,"column":3}},"type":"if","locations":[{"start":{"line":92,"column":2},"end":{"line":95,"column":3}},{"start":{},"end":{}}],"line":92}},"s":{"0":2,"1":2,"2":2,"3":2,"4":2,"5":2,"6":2,"7":16,"8":0,"9":0,"10":0,"11":0,"12":0,"13":0,"14":0,"15":0,"16":0,"17":0,"18":0,"19":0,"20":0,"21":0,"22":0,"23":0,"24":0,"25":0,"26":0,"27":0,"28":0,"29":0,"30":0,"31":0,"32":0,"33":0,"34":0,"35":0,"36":2},"f":{"0":16,"1":0,"2":0,"3":0},"b":{"0":[0,0],"1":[0,0],"2":[0,0],"3":[0],"4":[0],"5":[0],"6":[0,0]},"_coverageSchema":"1a1c01bbd47fc00a2c39e90264f33305004495a9","hash":"a054325182161981f3e9d348f0a450959d009483"}
,"D:\\Cygnoz BB\\BillBizz-BE\\Customer\\database\\connection\\connection.js": {"path":"D:\\Cygnoz BB\\BillBizz-BE\\Customer\\database\\connection\\connection.js","statementMap":{"0":{"start":{"line":1,"column":17},"end":{"line":1,"column":36}},"1":{"start":{"line":3,"column":11},"end":{"line":3,"column":31}},"2":{"start":{"line":5,"column":0},"end":{"line":10,"column":2}},"3":{"start":{"line":7,"column":4},"end":{"line":7,"column":69}},"4":{"start":{"line":9,"column":4},"end":{"line":9,"column":43}}},"fnMap":{"0":{"name":"(anonymous_0)","decl":{"start":{"line":6,"column":6},"end":{"line":6,"column":7}},"loc":{"start":{"line":6,"column":10},"end":{"line":8,"column":1}},"line":6},"1":{"name":"(anonymous_1)","decl":{"start":{"line":8,"column":9},"end":{"line":8,"column":10}},"loc":{"start":{"line":8,"column":18},"end":{"line":10,"column":1}},"line":8}},"branchMap":{},"s":{"0":2,"1":2,"2":2,"3":0,"4":0},"f":{"0":0,"1":0},"b":{},"_coverageSchema":"1a1c01bbd47fc00a2c39e90264f33305004495a9","hash":"15842cebe50f283f83979af8496abfce36ac6e85"}
,"D:\\Cygnoz BB\\BillBizz-BE\\Customer\\database\\model\\account.js": {"path":"D:\\Cygnoz BB\\BillBizz-BE\\Customer\\database\\model\\account.js","statementMap":{"0":{"start":{"line":4,"column":17},"end":{"line":4,"column":36}},"1":{"start":{"line":5,"column":19},"end":{"line":5,"column":27}},"2":{"start":{"line":8,"column":22},"end":{"line":23,"column":2}},"3":{"start":{"line":25,"column":17},"end":{"line":25,"column":58}},"4":{"start":{"line":27,"column":0},"end":{"line":27,"column":26}}},"fnMap":{},"branchMap":{},"s":{"0":2,"1":2,"2":2,"3":2,"4":2},"f":{},"b":{},"_coverageSchema":"1a1c01bbd47fc00a2c39e90264f33305004495a9","hash":"b985a28505c128b219bc2f5b3091c1887061af2c"}
,"D:\\Cygnoz BB\\BillBizz-BE\\Customer\\database\\model\\activityLog.js": {"path":"D:\\Cygnoz BB\\BillBizz-BE\\Customer\\database\\model\\activityLog.js","statementMap":{"0":{"start":{"line":3,"column":17},"end":{"line":3,"column":36}},"1":{"start":{"line":5,"column":26},"end":{"line":10,"column":2}},"2":{"start":{"line":12,"column":0},"end":{"line":12,"column":66}}},"fnMap":{},"branchMap":{},"s":{"0":2,"1":2,"2":2},"f":{},"b":{},"_coverageSchema":"1a1c01bbd47fc00a2c39e90264f33305004495a9","hash":"353f3935ed612a8d1e5bde50aa824ffab5de429d"}
,"D:\\Cygnoz BB\\BillBizz-BE\\Customer\\database\\model\\currency.js": {"path":"D:\\Cygnoz BB\\BillBizz-BE\\Customer\\database\\model\\currency.js","statementMap":{"0":{"start":{"line":3,"column":17},"end":{"line":3,"column":36}},"1":{"start":{"line":4,"column":19},"end":{"line":4,"column":27}},"2":{"start":{"line":7,"column":23},"end":{"line":15,"column":2}},"3":{"start":{"line":17,"column":17},"end":{"line":17,"column":59}},"4":{"start":{"line":19,"column":0},"end":{"line":19,"column":26}}},"fnMap":{},"branchMap":{},"s":{"0":2,"1":2,"2":2,"3":2,"4":2},"f":{},"b":{},"_coverageSchema":"1a1c01bbd47fc00a2c39e90264f33305004495a9","hash":"544f60f913f286c3838fc14d95f49f87d676a105"}
,"D:\\Cygnoz BB\\BillBizz-BE\\Customer\\database\\model\\customer.js": {"path":"D:\\Cygnoz BB\\BillBizz-BE\\Customer\\database\\model\\customer.js","statementMap":{"0":{"start":{"line":3,"column":17},"end":{"line":3,"column":36}},"1":{"start":{"line":4,"column":19},"end":{"line":4,"column":27}},"2":{"start":{"line":6,"column":28},"end":{"line":12,"column":20}},"3":{"start":{"line":16,"column":23},"end":{"line":102,"column":2}},"4":{"start":{"line":104,"column":17},"end":{"line":104,"column":59}},"5":{"start":{"line":106,"column":0},"end":{"line":106,"column":26}}},"fnMap":{},"branchMap":{},"s":{"0":2,"1":2,"2":2,"3":2,"4":2,"5":2},"f":{},"b":{},"_coverageSchema":"1a1c01bbd47fc00a2c39e90264f33305004495a9","hash":"5d664100ed517e2fa93f5eee5d351797a1939fea"}
,"D:\\Cygnoz BB\\BillBizz-BE\\Customer\\database\\model\\customerHistory.js": {"path":"D:\\Cygnoz BB\\BillBizz-BE\\Customer\\database\\model\\customerHistory.js","statementMap":{"0":{"start":{"line":3,"column":17},"end":{"line":3,"column":36}},"1":{"start":{"line":4,"column":19},"end":{"line":4,"column":27}},"2":{"start":{"line":7,"column":30},"end":{"line":17,"column":2}},"3":{"start":{"line":19,"column":24},"end":{"line":19,"column":81}},"4":{"start":{"line":21,"column":0},"end":{"line":21,"column":33}}},"fnMap":{},"branchMap":{},"s":{"0":2,"1":2,"2":2,"3":2,"4":2},"f":{},"b":{},"_coverageSchema":"1a1c01bbd47fc00a2c39e90264f33305004495a9","hash":"83ccd121e0e05553115ffa78031d2316b0c6c51e"}
,"D:\\Cygnoz BB\\BillBizz-BE\\Customer\\database\\model\\organization.js": {"path":"D:\\Cygnoz BB\\BillBizz-BE\\Customer\\database\\model\\organization.js","statementMap":{"0":{"start":{"line":3,"column":17},"end":{"line":3,"column":36}},"1":{"start":{"line":4,"column":19},"end":{"line":4,"column":27}},"2":{"start":{"line":7,"column":27},"end":{"line":42,"column":25}},"3":{"start":{"line":44,"column":21},"end":{"line":44,"column":71}},"4":{"start":{"line":46,"column":0},"end":{"line":46,"column":30}}},"fnMap":{},"branchMap":{},"s":{"0":2,"1":2,"2":2,"3":2,"4":2},"f":{},"b":{},"_coverageSchema":"1a1c01bbd47fc00a2c39e90264f33305004495a9","hash":"bac36f880b918f46a9b2a9fd06122daaf0df8780"}
,"D:\\Cygnoz BB\\BillBizz-BE\\Customer\\database\\model\\role.js": {"path":"D:\\Cygnoz BB\\BillBizz-BE\\Customer\\database\\model\\role.js","statementMap":{"0":{"start":{"line":3,"column":17},"end":{"line":3,"column":36}},"1":{"start":{"line":5,"column":25},"end":{"line":8,"column":14}},"2":{"start":{"line":10,"column":19},"end":{"line":15,"column":2}},"3":{"start":{"line":17,"column":0},"end":{"line":17,"column":52}}},"fnMap":{},"branchMap":{},"s":{"0":2,"1":2,"2":2,"3":2},"f":{},"b":{},"_coverageSchema":"1a1c01bbd47fc00a2c39e90264f33305004495a9","hash":"ec165af5690d8f4c0e71ed4dc8ebaf9f8041007a"}
,"D:\\Cygnoz BB\\BillBizz-BE\\Customer\\database\\model\\settings.js": {"path":"D:\\Cygnoz BB\\BillBizz-BE\\Customer\\database\\model\\settings.js","statementMap":{"0":{"start":{"line":3,"column":17},"end":{"line":3,"column":36}},"1":{"start":{"line":4,"column":19},"end":{"line":4,"column":27}},"2":{"start":{"line":6,"column":19},"end":{"line":16,"column":2}},"3":{"start":{"line":19,"column":22},"end":{"line":121,"column":2}},"4":{"start":{"line":123,"column":17},"end":{"line":123,"column":58}},"5":{"start":{"line":125,"column":0},"end":{"line":125,"column":26}}},"fnMap":{},"branchMap":{},"s":{"0":2,"1":2,"2":2,"3":2,"4":2,"5":2},"f":{},"b":{},"_coverageSchema":"1a1c01bbd47fc00a2c39e90264f33305004495a9","hash":"0adae68496b962e396d6646d99f252def9d01835"}
,"D:\\Cygnoz BB\\BillBizz-BE\\Customer\\database\\model\\tax.js": {"path":"D:\\Cygnoz BB\\BillBizz-BE\\Customer\\database\\model\\tax.js","statementMap":{"0":{"start":{"line":3,"column":17},"end":{"line":3,"column":36}},"1":{"start":{"line":4,"column":19},"end":{"line":4,"column":27}},"2":{"start":{"line":6,"column":25},"end":{"line":12,"column":2}},"3":{"start":{"line":16,"column":25},"end":{"line":19,"column":2}},"4":{"start":{"line":23,"column":18},"end":{"line":51,"column":2}},"5":{"start":{"line":53,"column":0},"end":{"line":53,"column":50}}},"fnMap":{},"branchMap":{},"s":{"0":2,"1":2,"2":2,"3":2,"4":2,"5":2},"f":{},"b":{},"_coverageSchema":"1a1c01bbd47fc00a2c39e90264f33305004495a9","hash":"984bbb0632cf5a3c180496c9daecda8dfbd76ac4"}
,"D:\\Cygnoz BB\\BillBizz-BE\\Customer\\database\\model\\trialBalance.js": {"path":"D:\\Cygnoz BB\\BillBizz-BE\\Customer\\database\\model\\trialBalance.js","statementMap":{"0":{"start":{"line":3,"column":17},"end":{"line":3,"column":36}},"1":{"start":{"line":4,"column":19},"end":{"line":4,"column":27}},"2":{"start":{"line":7,"column":27},"end":{"line":22,"column":2}},"3":{"start":{"line":24,"column":22},"end":{"line":24,"column":73}},"4":{"start":{"line":26,"column":0},"end":{"line":26,"column":31}}},"fnMap":{},"branchMap":{},"s":{"0":2,"1":2,"2":2,"3":2,"4":2},"f":{},"b":{},"_coverageSchema":"1a1c01bbd47fc00a2c39e90264f33305004495a9","hash":"20e9b22883d098981759f648bd711c38f69c78d1"}
,"D:\\Cygnoz BB\\BillBizz-BE\\Customer\\database\\model\\user.js": {"path":"D:\\Cygnoz BB\\BillBizz-BE\\Customer\\database\\model\\user.js","statementMap":{"0":{"start":{"line":3,"column":17},"end":{"line":3,"column":36}},"1":{"start":{"line":4,"column":19},"end":{"line":4,"column":27}},"2":{"start":{"line":7,"column":19},"end":{"line":16,"column":2}},"3":{"start":{"line":18,"column":0},"end":{"line":18,"column":54}},"4":{"start":{"line":20,"column":13},"end":{"line":20,"column":47}},"5":{"start":{"line":22,"column":0},"end":{"line":22,"column":22}}},"fnMap":{},"branchMap":{},"s":{"0":2,"1":2,"2":2,"3":2,"4":2,"5":2},"f":{},"b":{},"_coverageSchema":"1a1c01bbd47fc00a2c39e90264f33305004495a9","hash":"81a7813f38680e4b7f229ec6b33c5330ae7baf78"}
,"D:\\Cygnoz BB\\BillBizz-BE\\Customer\\router\\customerRouter.js": {"path":"D:\\Cygnoz BB\\BillBizz-BE\\Customer\\router\\customerRouter.js","statementMap":{"0":{"start":{"line":1,"column":16},"end":{"line":1,"column":34}},"1":{"start":{"line":3,"column":15},"end":{"line":3,"column":35}},"2":{"start":{"line":5,"column":25},"end":{"line":5,"column":64}},"3":{"start":{"line":6,"column":27},"end":{"line":6,"column":64}},"4":{"start":{"line":7,"column":25},"end":{"line":7,"column":66}},"5":{"start":{"line":8,"column":28},"end":{"line":8,"column":72}},"6":{"start":{"line":12,"column":24},"end":{"line":12,"column":59}},"7":{"start":{"line":13,"column":24},"end":{"line":13,"column":59}},"8":{"start":{"line":20,"column":0},"end":{"line":20,"column":108}},"9":{"start":{"line":23,"column":0},"end":{"line":23,"column":93}},"10":{"start":{"line":26,"column":0},"end":{"line":26,"column":98}},"11":{"start":{"line":34,"column":0},"end":{"line":34,"column":113}},"12":{"start":{"line":36,"column":0},"end":{"line":36,"column":120}},"13":{"start":{"line":38,"column":0},"end":{"line":38,"column":132}},"14":{"start":{"line":40,"column":0},"end":{"line":40,"column":133}},"15":{"start":{"line":42,"column":0},"end":{"line":42,"column":147}},"16":{"start":{"line":44,"column":0},"end":{"line":44,"column":133}},"17":{"start":{"line":50,"column":0},"end":{"line":50,"column":119}},"18":{"start":{"line":54,"column":0},"end":{"line":54,"column":147}},"19":{"start":{"line":56,"column":0},"end":{"line":56,"column":23}},"20":{"start":{"line":68,"column":0},"end":{"line":68,"column":23}}},"fnMap":{},"branchMap":{},"s":{"0":2,"1":2,"2":2,"3":2,"4":2,"5":2,"6":2,"7":2,"8":2,"9":2,"10":2,"11":2,"12":2,"13":2,"14":2,"15":2,"16":2,"17":2,"18":2,"19":2,"20":2},"f":{},"b":{},"_coverageSchema":"1a1c01bbd47fc00a2c39e90264f33305004495a9","hash":"b66fee20643b8da4c64772cb81a6b560b7aaf7af"}
}
