TN:
SF:server.js
FN:20,(anonymous_0)
FN:25,(anonymous_1)
FN:34,(anonymous_2)
FNF:3
FNH:2
FNDA:1,(anonymous_0)
FNDA:0,(anonymous_1)
FNDA:2,(anonymous_2)
DA:2,2
DA:4,2
DA:5,2
DA:6,2
DA:7,2
DA:8,2
DA:11,2
DA:12,2
DA:13,2
DA:14,2
DA:16,2
DA:18,2
DA:20,2
DA:21,1
DA:25,2
DA:26,0
DA:27,0
DA:34,2
DA:35,2
DA:38,2
LF:20
LH:18
BRDA:27,0,0,0
BRDA:27,0,1,0
BRDA:29,1,0,0
BRDA:29,1,1,0
BRF:4
BRH:0
end_of_record
TN:
SF:controller\customerCont.js
FN:14,(anonymous_0)
FN:49,(anonymous_1)
FN:61,(anonymous_2)
FN:71,(anonymous_3)
FN:78,(anonymous_4)
FN:120,(anonymous_5)
FN:126,(anonymous_6)
FN:216,(anonymous_7)
FN:242,(anonymous_8)
FN:275,(anonymous_9)
FN:336,(anonymous_10)
FN:380,(anonymous_11)
FN:501,cleanCustomerData
FN:502,(anonymous_13)
FN:503,(anonymous_14)
FN:510,validateOrganizationTaxCurrency
FN:528,generateOpeningDate
FN:539,checkDuplicateCustomerFields
FN:574,checkDuplicateCustomerFieldsEdit
FN:612,validateInputs
FN:613,(anonymous_20)
FN:625,createNewCustomer
FN:631,createNewAccount
FN:654,saveTrialBalanceAndHistory
FN:674,createCustomerHistory
FN:706,getTaxDescription
FN:710,(anonymous_26)
FN:711,(anonymous_27)
FN:712,(anonymous_28)
FN:726,createGSTDescription
FN:734,(anonymous_30)
FN:735,(anonymous_31)
FN:742,createVATDescription
FN:749,createTaxExemptionDescription
FN:755,getOpeningBalanceDescription
FN:783,generateTimeAndDateForDB
FN:820,editOpeningBalance
FN:831,updateOpeningBalance
FN:884,validateCustomerData
FN:920,validateField
FN:924,validateReqFields
FN:930,validateOpeningBalance
FN:934,validInterestPercentage
FN:941,validateCustomerType
FN:946,validateSalutation
FN:951,validateNames
FN:952,(anonymous_46)
FN:958,validateEmail
FN:962,validateWebsite
FN:966,validatePhones
FN:967,(anonymous_50)
FN:973,validateAlphanumericFields
FN:974,(anonymous_52)
FN:979,validateIntegerFields
FN:980,(anonymous_54)
FN:985,validateFloatFields
FN:986,(anonymous_56)
FN:992,validateAlphabetsFields
FN:993,(anonymous_58)
FN:1002,validateTaxType
FN:1007,validatePlaceOfSupply
FN:1014,validateGSTorVAT
FN:1029,validateGSTDetails
FN:1046,validateVATDetails
FN:1051,clearTaxFields
FN:1052,(anonymous_65)
FN:1060,validateCurrency
FN:1064,validateBillingAddress
FN:1074,validateShippingAddress
FN:1084,validateAddressFields
FN:1085,(anonymous_70)
FN:1093,validateContactPerson
FN:1096,(anonymous_72)
FN:1122,capitalize
FN:1126,formatCamelCase
FN:1131,isAlphabets
FN:1135,isFloat
FN:1139,isInteger
FN:1143,isAlphanumeric
FN:1147,isValidEmail
FN:1150,isValidURL
FNF:81
FNH:0
FNDA:0,(anonymous_0)
FNDA:0,(anonymous_1)
FNDA:0,(anonymous_2)
FNDA:0,(anonymous_3)
FNDA:0,(anonymous_4)
FNDA:0,(anonymous_5)
FNDA:0,(anonymous_6)
FNDA:0,(anonymous_7)
FNDA:0,(anonymous_8)
FNDA:0,(anonymous_9)
FNDA:0,(anonymous_10)
FNDA:0,(anonymous_11)
FNDA:0,cleanCustomerData
FNDA:0,(anonymous_13)
FNDA:0,(anonymous_14)
FNDA:0,validateOrganizationTaxCurrency
FNDA:0,generateOpeningDate
FNDA:0,checkDuplicateCustomerFields
FNDA:0,checkDuplicateCustomerFieldsEdit
FNDA:0,validateInputs
FNDA:0,(anonymous_20)
FNDA:0,createNewCustomer
FNDA:0,createNewAccount
FNDA:0,saveTrialBalanceAndHistory
FNDA:0,createCustomerHistory
FNDA:0,getTaxDescription
FNDA:0,(anonymous_26)
FNDA:0,(anonymous_27)
FNDA:0,(anonymous_28)
FNDA:0,createGSTDescription
FNDA:0,(anonymous_30)
FNDA:0,(anonymous_31)
FNDA:0,createVATDescription
FNDA:0,createTaxExemptionDescription
FNDA:0,getOpeningBalanceDescription
FNDA:0,generateTimeAndDateForDB
FNDA:0,editOpeningBalance
FNDA:0,updateOpeningBalance
FNDA:0,validateCustomerData
FNDA:0,validateField
FNDA:0,validateReqFields
FNDA:0,validateOpeningBalance
FNDA:0,validInterestPercentage
FNDA:0,validateCustomerType
FNDA:0,validateSalutation
FNDA:0,validateNames
FNDA:0,(anonymous_46)
FNDA:0,validateEmail
FNDA:0,validateWebsite
FNDA:0,validatePhones
FNDA:0,(anonymous_50)
FNDA:0,validateAlphanumericFields
FNDA:0,(anonymous_52)
FNDA:0,validateIntegerFields
FNDA:0,(anonymous_54)
FNDA:0,validateFloatFields
FNDA:0,(anonymous_56)
FNDA:0,validateAlphabetsFields
FNDA:0,(anonymous_58)
FNDA:0,validateTaxType
FNDA:0,validatePlaceOfSupply
FNDA:0,validateGSTorVAT
FNDA:0,validateGSTDetails
FNDA:0,validateVATDetails
FNDA:0,clearTaxFields
FNDA:0,(anonymous_65)
FNDA:0,validateCurrency
FNDA:0,validateBillingAddress
FNDA:0,validateShippingAddress
FNDA:0,validateAddressFields
FNDA:0,(anonymous_70)
FNDA:0,validateContactPerson
FNDA:0,(anonymous_72)
FNDA:0,capitalize
FNDA:0,formatCamelCase
FNDA:0,isAlphabets
FNDA:0,isFloat
FNDA:0,isInteger
FNDA:0,isAlphanumeric
FNDA:0,isValidEmail
FNDA:0,isValidURL
DA:3,2
DA:4,2
DA:5,2
DA:6,2
DA:7,2
DA:8,2
DA:9,2
DA:10,2
DA:11,2
DA:14,2
DA:15,0
DA:16,0
DA:17,0
DA:19,0
DA:21,0
DA:22,0
DA:23,0
DA:27,0
DA:28,0
DA:29,0
DA:34,0
DA:38,0
DA:40,0
DA:41,0
DA:49,2
DA:50,0
DA:57,0
DA:61,2
DA:62,0
DA:65,0
DA:71,2
DA:72,0
DA:73,0
DA:74,0
DA:77,0
DA:78,0
DA:80,0
DA:82,0
DA:85,0
DA:88,0
DA:91,0
DA:94,0
DA:97,0
DA:98,0
DA:100,0
DA:101,0
DA:102,0
DA:104,0
DA:106,0
DA:108,0
DA:110,0
DA:111,0
DA:113,0
DA:114,0
DA:120,2
DA:121,0
DA:122,0
DA:123,0
DA:125,0
DA:126,0
DA:128,0
DA:130,0
DA:132,0
DA:134,0
DA:136,0
DA:139,0
DA:141,0
DA:143,0
DA:145,0
DA:146,0
DA:147,0
DA:148,0
DA:151,0
DA:153,0
DA:154,0
DA:155,0
DA:157,0
DA:158,0
DA:159,0
DA:162,0
DA:163,0
DA:167,0
DA:168,0
DA:170,0
DA:171,0
DA:172,0
DA:176,0
DA:177,0
DA:184,0
DA:190,0
DA:203,0
DA:205,0
DA:208,0
DA:210,0
DA:211,0
DA:216,2
DA:217,0
DA:218,0
DA:220,0
DA:222,0
DA:223,0
DA:228,0
DA:229,0
DA:234,0
DA:236,0
DA:237,0
DA:242,2
DA:243,0
DA:244,0
DA:245,0
DA:247,0
DA:249,0
DA:250,0
DA:256,0
DA:261,0
DA:262,0
DA:267,0
DA:269,0
DA:270,0
DA:275,2
DA:276,0
DA:277,0
DA:278,0
DA:279,0
DA:280,0
DA:283,0
DA:286,0
DA:287,0
DA:293,0
DA:297,0
DA:298,0
DA:302,0
DA:304,0
DA:307,0
DA:309,0
DA:322,0
DA:324,0
DA:328,0
DA:330,0
DA:331,0
DA:336,2
DA:337,0
DA:338,0
DA:340,0
DA:341,0
DA:342,0
DA:348,0
DA:349,0
DA:350,0
DA:356,0
DA:372,0
DA:374,0
DA:375,0
DA:380,2
DA:381,0
DA:382,0
DA:383,0
DA:384,0
DA:386,0
DA:387,0
DA:393,0
DA:398,0
DA:399,0
DA:404,0
DA:406,0
DA:407,0
DA:420,2
DA:421,2
DA:422,2
DA:487,2
DA:502,0
DA:503,0
DA:504,0
DA:505,0
DA:511,0
DA:512,0
DA:513,0
DA:515,0
DA:516,0
DA:517,0
DA:519,0
DA:520,0
DA:521,0
DA:523,0
DA:529,0
DA:534,0
DA:540,0
DA:561,0
DA:562,0
DA:563,0
DA:564,0
DA:565,0
DA:575,0
DA:596,0
DA:597,0
DA:599,0
DA:604,0
DA:605,0
DA:613,0
DA:614,0
DA:615,0
DA:617,0
DA:618,0
DA:619,0
DA:621,0
DA:626,0
DA:627,0
DA:635,0
DA:636,0
DA:639,0
DA:650,0
DA:655,0
DA:666,0
DA:668,0
DA:669,0
DA:675,0
DA:676,0
DA:678,0
DA:707,0
DA:709,0
DA:710,0
DA:711,0
DA:712,0
DA:715,0
DA:718,0
DA:719,0
DA:721,0
DA:727,0
DA:733,0
DA:734,0
DA:735,0
DA:738,0
DA:743,0
DA:750,0
DA:756,0
DA:757,0
DA:759,0
DA:760,0
DA:763,0
DA:764,0
DA:768,0
DA:772,0
DA:792,0
DA:795,0
DA:798,0
DA:800,0
DA:803,0
DA:804,0
DA:807,0
DA:811,0
DA:821,0
DA:822,0
DA:823,0
DA:824,0
DA:826,0
DA:832,0
DA:833,0
DA:836,0
DA:837,0
DA:843,0
DA:849,0
DA:850,0
DA:852,0
DA:854,0
DA:855,0
DA:885,0
DA:888,0
DA:889,0
DA:890,0
DA:891,0
DA:892,0
DA:893,0
DA:894,0
DA:895,0
DA:896,0
DA:897,0
DA:900,0
DA:901,0
DA:902,0
DA:903,0
DA:906,0
DA:907,0
DA:908,0
DA:911,0
DA:914,0
DA:915,0
DA:916,0
DA:921,0
DA:925,0
DA:926,0
DA:931,0
DA:935,0
DA:936,0
DA:942,0
DA:947,0
DA:952,0
DA:953,0
DA:959,0
DA:963,0
DA:967,0
DA:968,0
DA:974,0
DA:975,0
DA:980,0
DA:981,0
DA:986,0
DA:987,0
DA:993,0
DA:994,0
DA:995,0
DA:1003,0
DA:1008,0
DA:1009,0
DA:1015,0
DA:1017,0
DA:1018,0
DA:1020,0
DA:1021,0
DA:1023,0
DA:1024,0
DA:1030,0
DA:1031,0
DA:1032,0
DA:1033,0
DA:1036,0
DA:1037,0
DA:1038,0
DA:1039,0
DA:1040,0
DA:1041,0
DA:1047,0
DA:1052,0
DA:1053,0
DA:1055,0
DA:1056,0
DA:1061,0
DA:1065,0
DA:1067,0
DA:1070,0
DA:1075,0
DA:1077,0
DA:1080,0
DA:1085,0
DA:1086,0
DA:1087,0
DA:1096,0
DA:1098,0
DA:1100,0
DA:1102,0
DA:1104,0
DA:1123,0
DA:1127,0
DA:1132,0
DA:1136,0
DA:1140,0
DA:1144,0
DA:1148,0
DA:1151,0
LF:358
LH:23
BRDA:22,0,0,0
BRDA:22,0,1,0
BRDA:28,1,0,0
BRDA:28,1,1,0
BRDA:78,2,0,0
BRDA:78,2,1,0
BRDA:88,3,0,0
BRDA:88,3,1,0
BRDA:94,4,0,0
BRDA:94,4,1,0
BRDA:101,5,0,0
BRDA:101,5,1,0
BRDA:126,6,0,0
BRDA:126,6,1,0
BRDA:141,7,0,0
BRDA:141,7,1,0
BRDA:146,8,0,0
BRDA:146,8,1,0
BRDA:153,9,0,0
BRDA:153,9,1,0
BRDA:158,10,0,0
BRDA:158,10,1,0
BRDA:170,11,0,0
BRDA:170,11,1,0
BRDA:176,12,0,0
BRDA:176,12,1,0
BRDA:176,13,0,0
BRDA:176,13,1,0
BRDA:222,14,0,0
BRDA:222,14,1,0
BRDA:228,15,0,0
BRDA:228,15,1,0
BRDA:249,16,0,0
BRDA:249,16,1,0
BRDA:261,17,0,0
BRDA:261,17,1,0
BRDA:286,18,0,0
BRDA:286,18,1,0
BRDA:297,19,0,0
BRDA:297,19,1,0
BRDA:341,20,0,0
BRDA:341,20,1,0
BRDA:349,21,0,0
BRDA:349,21,1,0
BRDA:386,22,0,0
BRDA:386,22,1,0
BRDA:398,23,0,0
BRDA:398,23,1,0
BRDA:502,24,0,0
BRDA:502,24,1,0
BRDA:502,25,0,0
BRDA:502,25,1,0
BRDA:502,25,2,0
BRDA:511,26,0,0
BRDA:511,26,1,0
BRDA:515,27,0,0
BRDA:515,27,1,0
BRDA:519,28,0,0
BRDA:519,28,1,0
BRDA:542,29,0,0
BRDA:542,29,1,0
BRDA:548,30,0,0
BRDA:548,30,1,0
BRDA:554,31,0,0
BRDA:554,31,1,0
BRDA:562,32,0,0
BRDA:562,32,1,0
BRDA:564,33,0,0
BRDA:564,33,1,0
BRDA:577,34,0,0
BRDA:577,34,1,0
BRDA:583,35,0,0
BRDA:583,35,1,0
BRDA:589,36,0,0
BRDA:589,36,1,0
BRDA:597,37,0,0
BRDA:597,37,1,0
BRDA:604,38,0,0
BRDA:604,38,1,0
BRDA:617,39,0,0
BRDA:617,39,1,0
BRDA:707,40,0,0
BRDA:707,40,1,0
BRDA:718,41,0,0
BRDA:718,41,1,0
BRDA:719,42,0,0
BRDA:719,42,1,0
BRDA:721,43,0,0
BRDA:721,43,1,0
BRDA:738,44,0,0
BRDA:738,44,1,0
BRDA:743,45,0,0
BRDA:743,45,1,0
BRDA:759,46,0,0
BRDA:759,46,1,0
BRDA:759,47,0,0
BRDA:759,47,1,0
BRDA:763,48,0,0
BRDA:763,48,1,0
BRDA:763,49,0,0
BRDA:763,49,1,0
BRDA:772,50,0,0
BRDA:772,50,1,0
BRDA:772,51,0,0
BRDA:772,51,1,0
BRDA:787,52,0,0
BRDA:788,53,0,0
BRDA:789,54,0,0
BRDA:798,55,0,0
BRDA:798,55,1,0
BRDA:821,56,0,0
BRDA:821,56,1,0
BRDA:821,57,0,0
BRDA:821,57,1,0
BRDA:823,58,0,0
BRDA:823,58,1,0
BRDA:823,59,0,0
BRDA:823,59,1,0
BRDA:836,60,0,0
BRDA:836,60,1,0
BRDA:921,61,0,0
BRDA:921,61,1,0
BRDA:926,62,0,0
BRDA:926,62,1,0
BRDA:931,63,0,0
BRDA:931,63,1,0
BRDA:942,64,0,0
BRDA:942,64,1,0
BRDA:947,65,0,0
BRDA:947,65,1,0
BRDA:953,66,0,0
BRDA:953,66,1,0
BRDA:959,67,0,0
BRDA:959,67,1,0
BRDA:963,68,0,0
BRDA:963,68,1,0
BRDA:968,69,0,0
BRDA:968,69,1,0
BRDA:975,70,0,0
BRDA:975,70,1,0
BRDA:981,71,0,0
BRDA:981,71,1,0
BRDA:987,72,0,0
BRDA:987,72,1,0
BRDA:994,73,0,0
BRDA:994,73,1,0
BRDA:1003,74,0,0
BRDA:1003,74,1,0
BRDA:1008,75,0,0
BRDA:1008,75,1,0
BRDA:1008,76,0,0
BRDA:1008,76,1,0
BRDA:1015,77,0,0
BRDA:1015,77,1,0
BRDA:1015,77,2,0
BRDA:1032,78,0,0
BRDA:1032,78,1,0
BRDA:1033,79,0,0
BRDA:1033,79,1,0
BRDA:1036,80,0,0
BRDA:1036,80,1,0
BRDA:1037,81,0,0
BRDA:1037,81,1,0
BRDA:1038,82,0,0
BRDA:1038,82,1,0
BRDA:1039,83,0,0
BRDA:1039,83,1,0
BRDA:1040,84,0,0
BRDA:1040,84,1,0
BRDA:1041,85,0,0
BRDA:1041,85,1,0
BRDA:1047,86,0,0
BRDA:1047,86,1,0
BRDA:1055,87,0,0
BRDA:1055,87,1,0
BRDA:1055,88,0,0
BRDA:1055,88,1,0
BRDA:1061,89,0,0
BRDA:1061,89,1,0
BRDA:1067,90,0,0
BRDA:1067,90,1,0
BRDA:1067,90,2,0
BRDA:1077,91,0,0
BRDA:1077,91,1,0
BRDA:1077,91,2,0
BRDA:1087,92,0,0
BRDA:1087,92,1,0
BRF:187
BRH:0
end_of_record
TN:
SF:controller\customerSettings.js
FN:4,(anonymous_0)
FN:12,(anonymous_1)
FN:45,cleanCustomerData
FN:46,(anonymous_3)
FN:47,(anonymous_4)
FNF:5
FNH:0
FNDA:0,(anonymous_0)
FNDA:0,(anonymous_1)
FNDA:0,cleanCustomerData
FNDA:0,(anonymous_3)
FNDA:0,(anonymous_4)
DA:1,2
DA:2,2
DA:4,2
DA:5,0
DA:9,0
DA:12,2
DA:13,0
DA:15,0
DA:16,0
DA:19,0
DA:22,0
DA:24,0
DA:25,0
DA:28,0
DA:29,0
DA:32,0
DA:35,0
DA:37,0
DA:39,0
DA:40,0
DA:46,0
DA:47,0
DA:48,0
DA:49,0
LF:24
LH:4
BRDA:24,0,0,0
BRDA:24,0,1,0
BRDA:28,1,0,0
BRDA:28,1,1,0
BRDA:46,2,0,0
BRDA:46,2,1,0
BRDA:46,3,0,0
BRDA:46,3,1,0
BRDA:46,3,2,0
BRDA:46,3,3,0
BRF:10
BRH:0
end_of_record
TN:
SF:controller\dashboardController.js
FN:4,(anonymous_0)
FNF:1
FNH:0
FNDA:0,(anonymous_0)
DA:1,2
DA:2,2
DA:4,2
DA:5,0
DA:6,0
DA:7,0
DA:8,0
DA:9,0
DA:10,0
DA:12,0
DA:13,0
DA:15,0
DA:16,0
DA:19,0
DA:23,0
DA:24,0
DA:30,0
DA:32,0
DA:38,0
LF:19
LH:3
BRF:0
BRH:0
end_of_record
TN:
SF:controller\importCustomer.js
FN:20,generateTimeAndDateForDB
FN:52,sanitizeFileName
FN:61,(anonymous_2)
FN:65,(anonymous_3)
FN:69,(anonymous_4)
FN:77,(anonymous_5)
FN:96,(anonymous_6)
FN:134,(anonymous_7)
FN:156,(anonymous_8)
FN:201,(anonymous_9)
FN:210,isAlphabets
FN:214,isInteger
FN:217,isFloat
FN:220,isValidDate
FN:224,isAlphanumeric
FN:228,isValidEmail
FNF:16
FNH:0
FNDA:0,generateTimeAndDateForDB
FNDA:0,sanitizeFileName
FNDA:0,(anonymous_2)
FNDA:0,(anonymous_3)
FNDA:0,(anonymous_4)
FNDA:0,(anonymous_5)
FNDA:0,(anonymous_6)
FNDA:0,(anonymous_7)
FNDA:0,(anonymous_8)
FNDA:0,(anonymous_9)
FNDA:0,isAlphabets
FNDA:0,isInteger
FNDA:0,isFloat
FNDA:0,isValidDate
FNDA:0,isAlphanumeric
FNDA:0,isValidEmail
DA:3,2
DA:4,2
DA:5,2
DA:6,2
DA:7,2
DA:8,2
DA:9,2
DA:11,2
DA:12,2
DA:13,2
DA:14,2
DA:15,2
DA:22,0
DA:25,0
DA:28,0
DA:30,0
DA:33,0
DA:34,0
DA:37,0
DA:39,0
DA:53,0
DA:61,2
DA:62,0
DA:64,0
DA:67,0
DA:71,0
DA:72,0
DA:77,0
DA:78,0
DA:80,0
DA:81,0
DA:83,0
DA:87,0
DA:96,0
DA:97,0
DA:98,0
DA:99,0
DA:100,0
DA:101,0
DA:102,0
DA:105,0
DA:106,0
DA:107,0
DA:110,0
DA:112,0
DA:113,0
DA:116,0
DA:117,0
DA:120,0
DA:121,0
DA:123,0
DA:124,0
DA:128,0
DA:129,0
DA:130,0
DA:133,0
DA:134,0
DA:135,0
DA:137,0
DA:140,0
DA:145,0
DA:146,0
DA:149,0
DA:152,0
DA:153,0
DA:157,0
DA:160,0
DA:163,0
DA:166,0
DA:167,0
DA:172,0
DA:175,0
DA:176,0
DA:181,0
DA:185,0
DA:186,0
DA:191,0
DA:192,0
DA:193,0
DA:194,0
DA:195,0
DA:197,0
DA:198,0
DA:199,0
DA:201,0
DA:202,0
DA:204,0
DA:211,0
DA:215,0
DA:218,0
DA:221,0
DA:225,0
DA:229,0
DA:232,0
DA:233,0
DA:236,0
DA:237,0
DA:238,0
DA:239,0
DA:240,0
DA:241,0
DA:242,0
DA:243,0
DA:244,0
DA:245,0
DA:246,0
DA:247,0
DA:248,0
DA:249,0
DA:250,0
DA:251,0
DA:252,0
DA:253,0
DA:254,0
DA:255,0
DA:256,0
DA:257,0
DA:258,0
DA:259,0
DA:260,0
DA:261,0
DA:262,0
DA:263,0
DA:264,0
DA:265,0
DA:266,0
DA:267,0
DA:268,0
DA:269,0
DA:270,0
DA:277,0
DA:278,0
DA:279,0
DA:281,0
DA:282,0
DA:283,0
DA:285,0
DA:286,0
DA:287,0
DA:289,0
DA:290,0
DA:291,0
DA:301,0
DA:302,0
DA:303,0
DA:305,0
DA:306,0
DA:307,0
DA:309,0
DA:310,0
DA:311,0
DA:313,0
DA:314,0
DA:315,0
DA:317,0
DA:318,0
DA:319,0
DA:321,0
DA:322,0
DA:323,0
DA:325,0
DA:326,0
DA:327,0
DA:329,0
DA:330,0
DA:331,0
DA:333,0
DA:334,0
DA:335,0
DA:337,0
DA:338,0
DA:339,0
DA:345,0
DA:346,0
DA:347,0
DA:349,0
DA:350,0
DA:351,0
DA:353,0
DA:354,0
DA:355,0
DA:357,0
DA:358,0
DA:359,0
DA:361,0
DA:362,0
DA:363,0
DA:365,0
DA:366,0
DA:367,0
DA:369,0
DA:370,0
DA:371,0
DA:373,0
DA:374,0
DA:375,0
DA:379,0
DA:380,0
DA:381,0
DA:384,0
DA:385,0
DA:386,0
DA:387,0
DA:390,0
DA:391,0
DA:392,0
DA:394,0
DA:395,0
DA:396,0
DA:397,0
DA:399,0
DA:400,0
DA:401,0
DA:402,0
DA:406,0
DA:407,0
DA:408,0
DA:421,0
DA:470,0
DA:471,0
DA:474,0
DA:478,0
DA:492,0
DA:496,0
DA:498,0
DA:502,0
DA:503,0
DA:507,0
DA:508,0
LF:229
LH:13
BRDA:20,0,0,0
BRDA:20,1,0,0
BRDA:20,2,0,0
BRDA:28,3,0,0
BRDA:28,3,1,0
BRDA:78,4,0,0
BRDA:78,4,1,0
BRDA:80,5,0,0
BRDA:80,5,1,0
BRDA:97,6,0,0
BRDA:97,6,1,0
BRDA:100,7,0,0
BRDA:100,7,1,0
BRDA:105,8,0,0
BRDA:105,8,1,0
BRDA:135,9,0,0
BRDA:135,9,1,0
BRDA:166,10,0,0
BRDA:166,10,1,0
BRDA:175,11,0,0
BRDA:175,11,1,0
BRDA:185,12,0,0
BRDA:185,12,1,0
BRDA:277,13,0,0
BRDA:277,13,1,0
BRDA:281,14,0,0
BRDA:281,14,1,0
BRDA:285,15,0,0
BRDA:285,15,1,0
BRDA:289,16,0,0
BRDA:289,16,1,0
BRDA:301,17,0,0
BRDA:301,17,1,0
BRDA:305,18,0,0
BRDA:305,18,1,0
BRDA:309,19,0,0
BRDA:309,19,1,0
BRDA:313,20,0,0
BRDA:313,20,1,0
BRDA:317,21,0,0
BRDA:317,21,1,0
BRDA:321,22,0,0
BRDA:321,22,1,0
BRDA:325,23,0,0
BRDA:325,23,1,0
BRDA:329,24,0,0
BRDA:329,24,1,0
BRDA:333,25,0,0
BRDA:333,25,1,0
BRDA:337,26,0,0
BRDA:337,26,1,0
BRDA:345,27,0,0
BRDA:345,27,1,0
BRDA:345,28,0,0
BRDA:345,28,1,0
BRDA:349,29,0,0
BRDA:349,29,1,0
BRDA:349,30,0,0
BRDA:349,30,1,0
BRDA:353,31,0,0
BRDA:353,31,1,0
BRDA:357,32,0,0
BRDA:357,32,1,0
BRDA:361,33,0,0
BRDA:361,33,1,0
BRDA:365,34,0,0
BRDA:365,34,1,0
BRDA:369,35,0,0
BRDA:369,35,1,0
BRDA:373,36,0,0
BRDA:373,36,1,0
BRDA:379,37,0,0
BRDA:379,37,1,0
BRDA:384,38,0,0
BRDA:384,38,1,0
BRDA:385,39,0,0
BRDA:385,39,1,0
BRDA:390,40,0,0
BRDA:390,40,1,0
BRDA:394,41,0,0
BRDA:394,41,1,0
BRDA:395,42,0,0
BRDA:395,42,1,0
BRDA:399,43,0,0
BRDA:399,43,1,0
BRDA:406,44,0,0
BRDA:406,44,1,0
BRDA:470,45,0,0
BRDA:470,45,1,0
BRF:89
BRH:0
end_of_record
TN:
SF:controller\middleware.js
FN:7,verifyToken
FN:22,(anonymous_1)
FNF:2
FNH:2
FNDA:2,verifyToken
FNDA:1,(anonymous_1)
DA:3,2
DA:4,2
DA:5,2
DA:8,2
DA:10,2
DA:11,2
DA:12,2
DA:13,2
DA:16,2
DA:17,1
DA:22,1
DA:23,1
DA:24,0
DA:25,0
DA:27,0
DA:31,1
DA:32,1
DA:33,1
DA:34,1
DA:36,1
DA:37,1
DA:40,1
DA:44,1
DA:46,1
DA:48,1
DA:55,0
DA:57,0
DA:61,0
DA:65,2
LF:29
LH:23
BRDA:10,0,0,2
BRDA:10,0,1,0
BRDA:16,1,0,1
BRDA:16,1,1,1
BRDA:23,2,0,0
BRDA:23,2,1,1
BRDA:24,3,0,0
BRDA:24,3,1,0
BRDA:36,4,0,1
BRDA:36,4,1,0
BRDA:44,5,0,1
BRDA:44,5,1,0
BRDA:44,6,0,1
BRDA:44,6,1,0
BRF:14
BRH:7
end_of_record
TN:
SF:controller\permission.js
FN:19,(anonymous_0)
FN:20,(anonymous_1)
FN:42,(anonymous_2)
FN:77,generateTimeAndDateForDB
FNF:4
FNH:1
FNDA:16,(anonymous_0)
FNDA:0,(anonymous_1)
FNDA:0,(anonymous_2)
FNDA:0,generateTimeAndDateForDB
DA:3,2
DA:4,2
DA:5,2
DA:6,2
DA:7,2
DA:11,2
DA:19,2
DA:20,16
DA:21,0
DA:23,0
DA:24,0
DA:25,0
DA:29,0
DA:30,0
DA:31,0
DA:34,0
DA:39,0
DA:42,0
DA:45,0
DA:46,0
DA:51,0
DA:54,0
DA:57,0
DA:63,0
DA:66,0
DA:69,0
DA:70,0
DA:86,0
DA:89,0
DA:92,0
DA:94,0
DA:97,0
DA:98,0
DA:101,0
DA:105,0
DA:113,2
LF:36
LH:9
BRDA:24,0,0,0
BRDA:24,0,1,0
BRDA:30,1,0,0
BRDA:30,1,1,0
BRDA:45,2,0,0
BRDA:45,2,1,0
BRDA:81,3,0,0
BRDA:82,4,0,0
BRDA:83,5,0,0
BRDA:92,6,0,0
BRDA:92,6,1,0
BRF:11
BRH:0
end_of_record
TN:
SF:database\connection\connection.js
FN:6,(anonymous_0)
FN:8,(anonymous_1)
FNF:2
FNH:0
FNDA:0,(anonymous_0)
FNDA:0,(anonymous_1)
DA:1,2
DA:3,2
DA:5,2
DA:7,0
DA:9,0
LF:5
LH:3
BRF:0
BRH:0
end_of_record
TN:
SF:database\model\account.js
FNF:0
FNH:0
DA:4,2
DA:5,2
DA:8,2
DA:25,2
DA:27,2
LF:5
LH:5
BRF:0
BRH:0
end_of_record
TN:
SF:database\model\activityLog.js
FNF:0
FNH:0
DA:3,2
DA:5,2
DA:12,2
LF:3
LH:3
BRF:0
BRH:0
end_of_record
TN:
SF:database\model\currency.js
FNF:0
FNH:0
DA:3,2
DA:4,2
DA:7,2
DA:17,2
DA:19,2
LF:5
LH:5
BRF:0
BRH:0
end_of_record
TN:
SF:database\model\customer.js
FNF:0
FNH:0
DA:3,2
DA:4,2
DA:6,2
DA:16,2
DA:104,2
DA:106,2
LF:6
LH:6
BRF:0
BRH:0
end_of_record
TN:
SF:database\model\customerHistory.js
FNF:0
FNH:0
DA:3,2
DA:4,2
DA:7,2
DA:19,2
DA:21,2
LF:5
LH:5
BRF:0
BRH:0
end_of_record
TN:
SF:database\model\organization.js
FNF:0
FNH:0
DA:3,2
DA:4,2
DA:7,2
DA:44,2
DA:46,2
LF:5
LH:5
BRF:0
BRH:0
end_of_record
TN:
SF:database\model\role.js
FNF:0
FNH:0
DA:3,2
DA:5,2
DA:10,2
DA:17,2
LF:4
LH:4
BRF:0
BRH:0
end_of_record
TN:
SF:database\model\settings.js
FNF:0
FNH:0
DA:3,2
DA:4,2
DA:6,2
DA:19,2
DA:123,2
DA:125,2
LF:6
LH:6
BRF:0
BRH:0
end_of_record
TN:
SF:database\model\tax.js
FNF:0
FNH:0
DA:3,2
DA:4,2
DA:6,2
DA:16,2
DA:23,2
DA:53,2
LF:6
LH:6
BRF:0
BRH:0
end_of_record
TN:
SF:database\model\trialBalance.js
FNF:0
FNH:0
DA:3,2
DA:4,2
DA:7,2
DA:24,2
DA:26,2
LF:5
LH:5
BRF:0
BRH:0
end_of_record
TN:
SF:database\model\user.js
FNF:0
FNH:0
DA:3,2
DA:4,2
DA:7,2
DA:18,2
DA:20,2
DA:22,2
LF:6
LH:6
BRF:0
BRH:0
end_of_record
TN:
SF:router\customerRouter.js
FNF:0
FNH:0
DA:1,2
DA:3,2
DA:5,2
DA:6,2
DA:7,2
DA:8,2
DA:12,2
DA:13,2
DA:20,2
DA:23,2
DA:26,2
DA:34,2
DA:36,2
DA:38,2
DA:40,2
DA:42,2
DA:44,2
DA:50,2
DA:54,2
DA:56,2
DA:68,2
LF:21
LH:21
BRF:0
BRH:0
end_of_record
